28/11/23 20:08:40 InfoWorks Simulation Log Started : 29.0.174(64bit)
28/11/23 20:08:40 Running on machine ADSKPW010DKL by user mengm
28/11/23 20:08:40 Requested engine mode: ICM mode with TSDB
28/11/23 20:08:40 Log file path C:\ProgramData\Innovyze\InfoWorksAgent\SA_7C2E7CEE-426C-4EA4-8F56-52B0701433F3\sa_7c2e7cee-426c-4ea4-8f56-52b0701433f3_23_645_mengm_20231128_200840.log

Network: system_curve (Version# 21)
C:\ProgramData\Innovyze\InfoWorksAgent\SA_7C2E7CEE-426C-4EA4-8F56-52B0701433F3\NNET26#21.wdb
Network Scenario: fixed_parallel

W2056: hw_conduit, fm_end.1, ds_invert, Soffit above ground level
W2056: hw_conduit, fm_end.1, ds_invert, Soffit above ground level
W2056: hw_conduit, fm_end.1, ds_invert, Soffit above ground level
W2056: hw_conduit, fm_end.1, ds_invert, Soffit above ground level
W2056: hw_conduit, fm_end.1, ds_invert, Soffit above ground level
W2056: hw_conduit, fm_end.1, ds_invert, Soffit above ground level
W2056: hw_conduit, fm_end.1, ds_invert, Soffit above ground level


Inflow: >Pumps>0-12cfs

28/11/23 20:08:41 Starting Sim engine on ADSKPW010DKL as user mengm
"C:\Program Files\Autodesk\InfoWorks ICM Ultimate 2024\sim.exe" "C:\ProgramData\Innovyze\InfoWorksAgent\SA_7C2E7CEE-426C-4EA4-8F56-52B0701433F3\sa_7c2e7cee-426c-4ea4-8f56-52b0701433f3_23_645_mengm_20231128_200840sim_job.txta"  IPCPARAMS=1176:1176:250:-1
INITIALISING
InfoWorks ICM SIM 29.0.46 (x64), 2023

Run control parameters:
  Run timestep (s) -           60
  Gauge timestep (s) -         60
  Results timestep (s) -      300
  Diagnostic output level -    58
  Product version -      2024.3.0
  Database version -       2024.3
 
  Message 548: Using MA48 matrix solver.
  Message 165: Loading network ...#21-fixed5fparallel.sp...
  Message 559: Network created by pre-processor version 29.0.46.

Licence settings: ADSK                                                                            

Licence number: InfoWorks ICM - Ultimate                

Available program options:
  300000 nodes
  RTC
  Water quality
  Time series
 
  Message 590: File ...\sim645.iwr has been opened for writing.
  Message 590: File ...\sim645.prn has been opened for writing.
  Message 164: Writing network data to results file...

Event details: fixed_parallel DWF                      
  Event label -                           1
  Start time -          2000-01-01 00:00:00
  Requested duration (min) -            720

Initialising...
Greatest change at link -- for depth, -- for flow, and node -- for level.
Timestep: .12min elapsed, dt = 7.50s, 1 iteration(s).
Greatest change at link -- for depth, -- for flow, and node -- for level.
Timestep: .38min elapsed, dt = 15.00s, 1 iteration(s).
Greatest change at link -- for depth, -- for flow, and node -- for level.
Timestep: .88min elapsed, dt = 30.00s, 1 iteration(s).
Greatest change at link INLET.2 for depth, -- for flow, and node OUTLET for level.
Timestep: 1.88min elapsed, dt = 60.00s, 2 iteration(s).
Greatest change at link INLET.1 for depth, OUTLET.1 for flow, and node OUTLET for level.
Timestep: 3.88min elapsed, dt = 120.00s, 2 iteration(s).
Greatest change at link INLET.2 for depth, OUTLET.1 for flow, and node OUTLET for level.
Timestep: 7.88min elapsed, dt = 240.00s, 4 iteration(s).
Greatest change at link INLET.1 for depth, OUTLET.1 for flow, and node OUTLET for level.
Timestep: 11.88min elapsed, dt = 240.00s, 5 iteration(s).
Greatest change at link INLET.2 for depth, OUTLET.1 for flow, and node OUTLET for level.
Timestep: 15.88min elapsed, dt = 240.00s, 5 iteration(s).
Greatest change at link INLET.1 for depth, OUTLET.1 for flow, and node OUTLET for level.
Timestep: 19.88min elapsed, dt = 240.00s, 4 iteration(s).
Greatest change at link INLET.1 for depth, OUTLET.1 for flow, and node OUTLET for level.
Timestep: 23.88min elapsed, dt = 240.00s, 4 iteration(s).
Greatest change at link OUTLET.1 for depth, -- for flow, and node OUTLET for level.
Timestep: 27.88min elapsed, dt = 240.00s, 2 iteration(s).
Greatest change at link -- for depth, -- for flow, and node -- for level.
Timestep: 35.88min elapsed, dt = 480.00s, 1 iteration(s).
Greatest change at link INLET.1 for depth, -- for flow, and node OUTLET for level.
Timestep: 36.00min elapsed, dt = 7.50s, 2 iteration(s).
Greatest change at link -- for depth, -- for flow, and node -- for level.
Timestep: 36.25min elapsed, dt = 15.00s, 1 iteration(s).
Greatest change at link -- for depth, -- for flow, and node -- for level.
Timestep: 36.75min elapsed, dt = 30.00s, 1 iteration(s).
Greatest change at link -- for depth, -- for flow, and node -- for level.
Timestep: 37.75min elapsed, dt = 60.00s, 1 iteration(s).
Greatest change at link -- for depth, -- for flow, and node -- for level.
Timestep: 39.75min elapsed, dt = 120.00s, 1 iteration(s).

Unconverged link depth counts:
                                                           INLET.1 8
                                                           INLET.2 1
                                                          OUTLET.1 12

Unconverged nodes counts:
                                                          OUTLET 19

SIMULATING
Simulating...
Timestep: 1.00min elapsed, dt = 60.00s, 1 iteration(s).
Timestep: 2.00min elapsed, dt = 60.00s, 1 iteration(s).
Timestep: 3.00min elapsed, dt = 60.00s, 2 iteration(s).
Timestep: 4.00min elapsed, dt = 60.00s, 2 iteration(s).
Timestep: 5.00min elapsed, dt = 60.00s, 2 iteration(s).
Timestep: 6.00min elapsed, dt = 60.00s, 2 iteration(s).
Timestep: 7.00min elapsed, dt = 60.00s, 2 iteration(s).
Timestep: 8.00min elapsed, dt = 60.00s, 2 iteration(s).
Timestep: 9.00min elapsed, dt = 60.00s, 2 iteration(s).
Timestep: 10.00min elapsed, dt = 60.00s, 2 iteration(s).
Timestep: 11.00min elapsed, dt = 60.00s, 2 iteration(s).
Halving: H: INLET.1>, Q: OUTLET.1<, N: OUTLET, Reason: Conv      
Halving: H: INLET.1>, Q: INLET.1<, N: FM_END, Reason: Conv      
Timestep: 11.25min elapsed, dt = 15.00s, 9 iteration(s).
Timestep: 11.50min elapsed, dt = 15.00s, 2 iteration(s).
Timestep: 12.00min elapsed, dt = 30.00s, 2 iteration(s).
Timestep: 13.00min elapsed, dt = 60.00s, 3 iteration(s).
Halving: H:  , Q:  , N: FM_END, Reason: Conv      
Halving: H:  , Q:  , N: FM_END, Reason: Conv      
Timestep: 13.25min elapsed, dt = 15.00s, 2 iteration(s).
Timestep: 13.50min elapsed, dt = 15.00s, 1 iteration(s).
Timestep: 14.00min elapsed, dt = 30.00s, 1 iteration(s).
Timestep: 15.00min elapsed, dt = 60.00s, 2 iteration(s).
Timestep: 16.00min elapsed, dt = 60.00s, 2 iteration(s).
Halving: H: INLET.1>, Q: OUTLET.1<, N: OUTLET, Reason: Conv      
Halving: H: INLET.1>, Q: INLET.1<, N: FM_END, Reason: Conv      
Timestep: 16.25min elapsed, dt = 15.00s, 9 iteration(s).
Timestep: 16.50min elapsed, dt = 15.00s, 2 iteration(s).
Timestep: 17.00min elapsed, dt = 30.00s, 2 iteration(s).
Timestep: 18.00min elapsed, dt = 60.00s, 3 iteration(s).
Halving: H:  , Q:  , N: FM_END, Reason: Conv      
Timestep: 18.50min elapsed, dt = 30.00s, 2 iteration(s).
Timestep: 19.00min elapsed, dt = 30.00s, 2 iteration(s).
Timestep: 20.00min elapsed, dt = 60.00s, 4 iteration(s).
Halving: H: OUTLET.1<, Q: OUTLET.1<, N: OUTLET, Reason: Conv      
Halving: H: INLET.1>, Q: INLET.1<, N: FM_END, Reason: Conv      
Timestep: 20.25min elapsed, dt = 15.00s, 5 iteration(s).
Timestep: 20.50min elapsed, dt = 15.00s, 2 iteration(s).
Timestep: 21.00min elapsed, dt = 30.00s, 2 iteration(s).
Timestep: 22.00min elapsed, dt = 60.00s, 3 iteration(s).
Timestep: 23.00min elapsed, dt = 60.00s, 3 iteration(s).
Timestep: 24.00min elapsed, dt = 60.00s, 3 iteration(s).
Halving: H: INLET.1>, Q: OUTLET.1<, N: OUTLET, Reason: Conv      
Halving: H: INLET.1<, Q: INLET.1<, N: INLET, Reason: Conv      
Timestep: 24.25min elapsed, dt = 15.00s, 9 iteration(s).
Timestep: 24.50min elapsed, dt = 15.00s, 2 iteration(s).
Timestep: 25.00min elapsed, dt = 30.00s, 2 iteration(s).
Timestep: 26.00min elapsed, dt = 60.00s, 3 iteration(s).
Halving: H:  , Q:  , N: FM_END, Reason: Conv      
Timestep: 26.50min elapsed, dt = 30.00s, 2 iteration(s).
Timestep: 27.00min elapsed, dt = 30.00s, 2 iteration(s).
Halving: H: INLET.1>, Q: OUTLET.1<, N: OUTLET, Reason: Conv      
Halving: H: INLET.1<, Q: INLET.1<, N: INLET, Reason: Conv      
Halving: H: FM_END.1<, Q:  , N: FM_END, Reason: Conv      
Timestep: 27.12min elapsed, dt = 7.50s, 1 iteration(s).
Timestep: 27.25min elapsed, dt = 7.50s, 1 iteration(s).
Timestep: 27.50min elapsed, dt = 15.00s, 2 iteration(s).
Timestep: 28.00min elapsed, dt = 30.00s, 2 iteration(s).
Timestep: 29.00min elapsed, dt = 60.00s, 3 iteration(s).
Halving: H:  , Q:  , N: FM_END, Reason: Conv      
Halving: H:  , Q:  , N: FM_END, Reason: Conv      
Timestep: 29.25min elapsed, dt = 15.00s, 2 iteration(s).
Timestep: 29.50min elapsed, dt = 15.00s, 1 iteration(s).
Timestep: 30.00min elapsed, dt = 30.00s, 2 iteration(s).
Halving: H: INLET.1>, Q: OUTLET.1<, N: OUTLET, Reason: Conv      
Halving: H: OUTLET.1<, Q: INLET.1<, N: FM_END, Reason: Conv      
Timestep: 30.25min elapsed, dt = 15.00s, 4 iteration(s).
Timestep: 30.50min elapsed, dt = 15.00s, 2 iteration(s).
Timestep: 31.00min elapsed, dt = 30.00s, 2 iteration(s).
Timestep: 32.00min elapsed, dt = 60.00s, 3 iteration(s).
Timestep: 33.00min elapsed, dt = 60.00s, 4 iteration(s).
Halving: H: INLET.1>, Q: OUTLET.1<, N: OUTLET, Reason: Conv      
Halving: H: INLET.1>, Q: OUTLET.1<, N: OUTLET, Reason: Conv      
Halving: H: FM_END.1<, Q:  , N: FM_END, Reason: Conv      
Timestep: 33.12min elapsed, dt = 7.50s, 1 iteration(s).
Timestep: 33.25min elapsed, dt = 7.50s, 1 iteration(s).
Timestep: 33.50min elapsed, dt = 15.00s, 5 iteration(s).
Timestep: 33.75min elapsed, dt = 15.00s, 2 iteration(s).
Timestep: 34.00min elapsed, dt = 15.00s, 2 iteration(s).
Timestep: 34.50min elapsed, dt = 30.00s, 3 iteration(s).
Timestep: 35.00min elapsed, dt = 30.00s, 4 iteration(s).
Timestep: 35.50min elapsed, dt = 30.00s, 2 iteration(s).
Halving: H: FM_END.1-, Q:  , N: , Reason: Conv      
Timestep: 35.75min elapsed, dt = 15.00s, 1 iteration(s).
Timestep: 36.00min elapsed, dt = 15.00s, 1 iteration(s).
Halving: H: INLET.1>, Q: OUTLET.1<, N: OUTLET, Reason: Conv      
Timestep: 36.25min elapsed, dt = 15.00s, 3 iteration(s).
Timestep: 36.50min elapsed, dt = 15.00s, 4 iteration(s).
Timestep: 36.75min elapsed, dt = 15.00s, 1 iteration(s).
Timestep: 37.00min elapsed, dt = 15.00s, 1 iteration(s).
Timestep: 37.50min elapsed, dt = 30.00s, 3 iteration(s).
Halving: H:  , Q:  , N: FM_END, Reason: Conv      
Timestep: 37.75min elapsed, dt = 15.00s, 1 iteration(s).
Timestep: 38.00min elapsed, dt = 15.00s, 1 iteration(s).
Timestep: 38.50min elapsed, dt = 30.00s, 2 iteration(s).
Timestep: 39.00min elapsed, dt = 30.00s, 2 iteration(s).
Halving: H: INLET.1<, Q: FM_END.1-, N: INLET, Reason: Conv      
Halving: H: INLET.1>, Q: INLET.1<, N: OUTLET, Reason: Conv      
Timestep: 39.25min elapsed, dt = 15.00s, 5 iteration(s).
Timestep: 39.50min elapsed, dt = 15.00s, 2 iteration(s).
Timestep: 40.00min elapsed, dt = 30.00s, 3 iteration(s).
Timestep: 41.00min elapsed, dt = 60.00s, 3 iteration(s).
Halving: H:  , Q:  , N: FM_END, Reason: Conv      
Halving: H:  , Q:  , N: FM_END, Reason: Conv      
Timestep: 41.25min elapsed, dt = 15.00s, 1 iteration(s).
Timestep: 41.50min elapsed, dt = 15.00s, 1 iteration(s).
Timestep: 42.00min elapsed, dt = 30.00s, 2 iteration(s).
Halving: H: INLET.1>, Q: OUTLET.1<, N: OUTLET, Reason: Conv      
Timestep: 42.50min elapsed, dt = 30.00s, 7 iteration(s).
Timestep: 43.00min elapsed, dt = 30.00s, 3 iteration(s).
Halving: H:  , Q:  , N: FM_END, Reason: Conv      
Timestep: 43.50min elapsed, dt = 30.00s, 3 iteration(s).
Timestep: 44.00min elapsed, dt = 30.00s, 2 iteration(s).
Halving: H: INLET.1>, Q: OUTLET.1<, N: OUTLET, Reason: Conv      
Halving: H: INLET.1>, Q: INLET.1<, N: FM_END, Reason: Conv      
Halving: H: FM_END.1<, Q:  , N: FM_END, Reason: Conv      
Timestep: 44.12min elapsed, dt = 7.50s, 1 iteration(s).
Timestep: 44.25min elapsed, dt = 7.50s, 1 iteration(s).
Timestep: 44.50min elapsed, dt = 15.00s, 2 iteration(s).
Timestep: 45.00min elapsed, dt = 30.00s, 2 iteration(s).
Timestep: 46.00min elapsed, dt = 60.00s, 3 iteration(s).
Halving: H: FM_END.1>, Q:  , N: FM_END, Reason: Conv      
Timestep: 46.50min elapsed, dt = 30.00s, 3 iteration(s).
Timestep: 47.00min elapsed, dt = 30.00s, 2 iteration(s).
Halving: H: INLET.1<, Q: OUTLET.1<, N: INLET, Reason: Conv      
Halving: H: FM_END.1-, Q: FM_END.1<, N: FM_END, Reason: Conv      
Halving: H: FM_END.1<, Q:  , N: FM_END, Reason: Conv      
Timestep: 47.12min elapsed, dt = 7.50s, 1 iteration(s).
Timestep: 47.25min elapsed, dt = 7.50s, 1 iteration(s).
Timestep: 47.50min elapsed, dt = 15.00s, 5 iteration(s).
Timestep: 47.75min elapsed, dt = 15.00s, 2 iteration(s).
Timestep: 48.00min elapsed, dt = 15.00s, 4 iteration(s).
Timestep: 48.25min elapsed, dt = 15.00s, 2 iteration(s).
Timestep: 48.50min elapsed, dt = 15.00s, 2 iteration(s).
Timestep: 49.00min elapsed, dt = 30.00s, 3 iteration(s).
Halving: H: INLET.1>, Q: OUTLET.1<, N: OUTLET, Reason: Conv      
Halving: H: INLET.1>, Q: OUTLET.1<, N: OUTLET, Reason: Conv      
Timestep: 49.25min elapsed, dt = 15.00s, 4 iteration(s).
Timestep: 49.50min elapsed, dt = 15.00s, 2 iteration(s).
Timestep: 50.00min elapsed, dt = 30.00s, 2 iteration(s).
Halving: H:  , Q:  , N: FM_END, Reason: Conv      
Timestep: 50.50min elapsed, dt = 30.00s, 3 iteration(s).
Timestep: 51.00min elapsed, dt = 30.00s, 2 iteration(s).
Halving: H: INLET.1>, Q: OUTLET.1<, N: OUTLET, Reason: Conv      
Halving: H: INLET.1>, Q: INLET.1<, N: FM_END, Reason: Conv      
Timestep: 51.25min elapsed, dt = 15.00s, 6 iteration(s).
Timestep: 51.50min elapsed, dt = 15.00s, 2 iteration(s).
Timestep: 52.00min elapsed, dt = 30.00s, 2 iteration(s).
Halving: H:  , Q:  , N: FM_END, Reason: Conv      
Timestep: 52.50min elapsed, dt = 30.00s, 3 iteration(s).
Timestep: 53.00min elapsed, dt = 30.00s, 2 iteration(s).
Halving: H: INLET.1>, Q: OUTLET.1<, N: OUTLET, Reason: Conv      
Halving: H: INLET.1>, Q: INLET.1<, N: FM_END, Reason: Conv      
Halving: H: FM_END.1<, Q:  , N: FM_END, Reason: Conv      
Timestep: 53.12min elapsed, dt = 7.50s, 1 iteration(s).
Timestep: 53.25min elapsed, dt = 7.50s, 1 iteration(s).
Timestep: 53.50min elapsed, dt = 15.00s, 2 iteration(s).
Timestep: 54.00min elapsed, dt = 30.00s, 3 iteration(s).
Timestep: 55.00min elapsed, dt = 60.00s, 3 iteration(s).
Halving: H: INLET.1>, Q: OUTLET.1<, N: OUTLET, Reason: Conv      
Halving: H: INLET.1>, Q: OUTLET.1<, N: OUTLET, Reason: Conv      
Timestep: 55.25min elapsed, dt = 15.00s, 5 iteration(s).
Timestep: 55.50min elapsed, dt = 15.00s, 2 iteration(s).
Timestep: 56.00min elapsed, dt = 30.00s, 2 iteration(s).
Halving: H: FM_END.1-, Q:  , N: , Reason: Conv      
Timestep: 56.50min elapsed, dt = 30.00s, 3 iteration(s).
Timestep: 57.00min elapsed, dt = 30.00s, 2 iteration(s).
Halving: H: INLET.1>, Q: OUTLET.1<, N: OUTLET, Reason: Conv      
Halving: H: INLET.1>, Q: INLET.1<, N: FM_END, Reason: Conv      
Timestep: 57.25min elapsed, dt = 15.00s, 3 iteration(s).
Timestep: 57.50min elapsed, dt = 15.00s, 2 iteration(s).
Timestep: 58.00min elapsed, dt = 30.00s, 2 iteration(s).
Timestep: 59.00min elapsed, dt = 60.00s, 3 iteration(s).
Halving: H: INLET.1>, Q: OUTLET.1<, N: OUTLET, Reason: Conv      
Halving: H: INLET.1>, Q: OUTLET.1<, N: OUTLET, Reason: Conv      
Timestep: 59.25min elapsed, dt = 15.00s, 3 iteration(s).
Timestep: 59.50min elapsed, dt = 15.00s, 2 iteration(s).
Timestep: 60.00min elapsed, dt = 30.00s, 2 iteration(s).
Timestep: 61.00min elapsed, dt = 60.00s, 3 iteration(s).
Halving: H: INLET.1>, Q: OUTLET.1<, N: OUTLET, Reason: Conv      
Halving: H: INLET.1>, Q: OUTLET.1<, N: OUTLET, Reason: Conv      
Timestep: 61.25min elapsed, dt = 15.00s, 3 iteration(s).
Timestep: 61.50min elapsed, dt = 15.00s, 2 iteration(s).
Timestep: 62.00min elapsed, dt = 30.00s, 2 iteration(s).
Timestep: 63.00min elapsed, dt = 60.00s, 3 iteration(s).
Halving: H: INLET.2>, Q: OUTLET.1<, N: OUTLET, Reason: Conv      
Halving: H: INLET.1>, Q: INLET.1<, N: FM_END, Reason: Conv      
Timestep: 63.25min elapsed, dt = 15.00s, 3 iteration(s).
Timestep: 63.50min elapsed, dt = 15.00s, 2 iteration(s).
Timestep: 64.00min elapsed, dt = 30.00s, 2 iteration(s).
Timestep: 65.00min elapsed, dt = 60.00s, 3 iteration(s).
Halving: H: INLET.2>, Q: OUTLET.1<, N: OUTLET, Reason: Conv      
Timestep: 65.50min elapsed, dt = 30.00s, 4 iteration(s).
Timestep: 66.00min elapsed, dt = 30.00s, 3 iteration(s).
Halving: H:  , Q:  , N: FM_END, Reason: Conv      
Timestep: 66.50min elapsed, dt = 30.00s, 3 iteration(s).
Timestep: 67.00min elapsed, dt = 30.00s, 2 iteration(s).
Halving: H: INLET.1>, Q: OUTLET.1<, N: OUTLET, Reason: Conv      
Halving: H: FM_END.1<, Q: FM_END.1<, N: FM_END, Reason: Conv      
Halving: H: FM_END.1<, Q:  , N: FM_END, Reason: Conv      
Timestep: 67.12min elapsed, dt = 7.50s, 1 iteration(s).
Timestep: 67.25min elapsed, dt = 7.50s, 1 iteration(s).
Timestep: 67.50min elapsed, dt = 15.00s, 2 iteration(s).
Timestep: 68.00min elapsed, dt = 30.00s, 3 iteration(s).
Timestep: 69.00min elapsed, dt = 60.00s, 6 iteration(s).
Halving: H: INLET.1>, Q: FM_END.1<, N: OUTLET, Reason: Conv      
Timestep: 69.50min elapsed, dt = 30.00s, 4 iteration(s).
Timestep: 70.00min elapsed, dt = 30.00s, 3 iteration(s).
Timestep: 71.00min elapsed, dt = 60.00s, 6 iteration(s).
Halving: H:  , Q: OUTLET.1<, N: OUTLET, Reason: Conv      
Timestep: 71.50min elapsed, dt = 30.00s, 4 iteration(s).
Timestep: 72.00min elapsed, dt = 30.00s, 3 iteration(s).
Timestep: 73.00min elapsed, dt = 60.00s, 3 iteration(s).
Halving: H:  , Q: OUTLET.1<, N: OUTLET, Reason: Conv      
Timestep: 73.50min elapsed, dt = 30.00s, 4 iteration(s).
Timestep: 74.00min elapsed, dt = 30.00s, 3 iteration(s).
Halving: H:  , Q:  , N: FM_END, Reason: Conv      
Timestep: 74.50min elapsed, dt = 30.00s, 3 iteration(s).
Timestep: 75.00min elapsed, dt = 30.00s, 2 iteration(s).
Halving: H: INLET.1<, Q: OUTLET.1<, N: INLET, Reason: Conv      
Timestep: 75.50min elapsed, dt = 30.00s, 6 iteration(s).
Timestep: 76.00min elapsed, dt = 30.00s, 3 iteration(s).
Timestep: 77.00min elapsed, dt = 60.00s, 3 iteration(s).
Halving: H:  , Q: OUTLET.1<, N: OUTLET, Reason: Conv      
Timestep: 77.50min elapsed, dt = 30.00s, 3 iteration(s).
Timestep: 78.00min elapsed, dt = 30.00s, 3 iteration(s).
Halving: H:  , Q:  , N: FM_END, Reason: Conv      
Timestep: 78.50min elapsed, dt = 30.00s, 3 iteration(s).
Timestep: 79.00min elapsed, dt = 30.00s, 2 iteration(s).
Halving: H: INLET.1>, Q: OUTLET.1<, N: OUTLET, Reason: Conv      
Halving: H: OUTLET.1<, Q: FM_END.1<, N: FM_END, Reason: Conv      
Timestep: 79.25min elapsed, dt = 15.00s, 4 iteration(s).
Timestep: 79.50min elapsed, dt = 15.00s, 1 iteration(s).
Timestep: 80.00min elapsed, dt = 30.00s, 3 iteration(s).
Halving: H: FM_END.1>, Q: FM_END.1<, N: , Reason: Conv      
Halving: H:  , Q:  , N: FM_END, Reason: Conv      
Timestep: 80.25min elapsed, dt = 15.00s, 2 iteration(s).
Timestep: 80.50min elapsed, dt = 15.00s, 1 iteration(s).
Timestep: 81.00min elapsed, dt = 30.00s, 3 iteration(s).
Halving: H: INLET.1<, Q: OUTLET.1<, N: INLET, Reason: Conv      
Timestep: 81.50min elapsed, dt = 30.00s, 4 iteration(s).
Timestep: 82.00min elapsed, dt = 30.00s, 3 iteration(s).
Timestep: 83.00min elapsed, dt = 60.00s, 5 iteration(s).
Halving: H: INLET.1>, Q: OUTLET.1<, N: OUTLET, Reason: Conv      
Timestep: 83.50min elapsed, dt = 30.00s, 7 iteration(s).
Timestep: 84.00min elapsed, dt = 30.00s, 3 iteration(s).
Timestep: 85.00min elapsed, dt = 60.00s, 3 iteration(s).
Halving: H:  , Q: OUTLET.1<, N: OUTLET, Reason: Conv      
Timestep: 85.50min elapsed, dt = 30.00s, 3 iteration(s).
Timestep: 86.00min elapsed, dt = 30.00s, 3 iteration(s).
Timestep: 87.00min elapsed, dt = 60.00s, 3 iteration(s).
Halving: H: INLET.1>, Q: OUTLET.1<, N: OUTLET, Reason: Conv      
Timestep: 87.50min elapsed, dt = 30.00s, 3 iteration(s).
Timestep: 88.00min elapsed, dt = 30.00s, 3 iteration(s).
Halving: H:  , Q:  , N: FM_END, Reason: Conv      
Timestep: 88.50min elapsed, dt = 30.00s, 3 iteration(s).
Timestep: 89.00min elapsed, dt = 30.00s, 2 iteration(s).
Halving: H: INLET.1>, Q: OUTLET.1<, N: OUTLET, Reason: Conv      
Timestep: 89.50min elapsed, dt = 30.00s, 7 iteration(s).
Timestep: 90.00min elapsed, dt = 30.00s, 3 iteration(s).
Halving: H:  , Q:  , N: FM_END, Reason: Conv      
Timestep: 90.50min elapsed, dt = 30.00s, 3 iteration(s).
Timestep: 91.00min elapsed, dt = 30.00s, 2 iteration(s).
Halving: H: INLET.1>, Q: OUTLET.1<, N: OUTLET, Reason: Conv      
Timestep: 91.50min elapsed, dt = 30.00s, 3 iteration(s).
Timestep: 92.00min elapsed, dt = 30.00s, 3 iteration(s).
Timestep: 93.00min elapsed, dt = 60.00s, 3 iteration(s).
Halving: H: INLET.1>, Q: OUTLET.1<, N: OUTLET, Reason: Conv      
Timestep: 93.50min elapsed, dt = 30.00s, 4 iteration(s).
Timestep: 94.00min elapsed, dt = 30.00s, 3 iteration(s).
Halving: H:  , Q:  , N: FM_END, Reason: Conv      
Timestep: 94.50min elapsed, dt = 30.00s, 3 iteration(s).
Timestep: 95.00min elapsed, dt = 30.00s, 2 iteration(s).
Halving: H: INLET.1>, Q: OUTLET.1<, N: OUTLET, Reason: Conv      
Halving: H:  , Q: FM_END.1<, N: FM_END, Reason: Conv      
Timestep: 95.25min elapsed, dt = 15.00s, 3 iteration(s).
Timestep: 95.50min elapsed, dt = 15.00s, 5 iteration(s).
Timestep: 95.75min elapsed, dt = 15.00s, 2 iteration(s).
Timestep: 96.00min elapsed, dt = 15.00s, 2 iteration(s).
Timestep: 96.50min elapsed, dt = 30.00s, 3 iteration(s).
Timestep: 97.00min elapsed, dt = 30.00s, 2 iteration(s).
Halving: H: INLET.1>, Q: OUTLET.1<, N: OUTLET, Reason: Conv      
Timestep: 97.50min elapsed, dt = 30.00s, 9 iteration(s).
Timestep: 98.00min elapsed, dt = 30.00s, 3 iteration(s).
Halving: H: FM_END.1-, Q:  , N: , Reason: Conv      
Timestep: 98.50min elapsed, dt = 30.00s, 3 iteration(s).
Timestep: 99.00min elapsed, dt = 30.00s, 7 iteration(s).
Timestep: 99.50min elapsed, dt = 30.00s, 4 iteration(s).
Timestep: 100.00min elapsed, dt = 30.00s, 2 iteration(s).
Halving: H: FM_END.1-, Q:  , N: , Reason: Conv      
Timestep: 100.50min elapsed, dt = 30.00s, 3 iteration(s).
Halving: H:  , Q: FM_END.1<, N: FM_END, Reason: Conv      
Timestep: 100.75min elapsed, dt = 15.00s, 2 iteration(s).
Timestep: 101.00min elapsed, dt = 15.00s, 1 iteration(s).
Timestep: 101.50min elapsed, dt = 30.00s, 4 iteration(s).
Timestep: 102.00min elapsed, dt = 30.00s, 2 iteration(s).
Timestep: 103.00min elapsed, dt = 60.00s, 4 iteration(s).
Halving: H: FM_END.1>, Q: FM_END.1<, N: FM_END, Reason: Conv      
Halving: H:  , Q: FM_END.1<, N: FM_END, Reason: Conv      
Halving: H:  , Q:  , N: FM_END, Reason: Conv      
Timestep: 103.12min elapsed, dt = 7.50s, 1 iteration(s).
Timestep: 103.25min elapsed, dt = 7.50s, 1 iteration(s).
Timestep: 103.50min elapsed, dt = 15.00s, 1 iteration(s).
Timestep: 104.00min elapsed, dt = 30.00s, 2 iteration(s).
Halving: H: FM_END.1<, Q:  , N: FM_END, Reason: Conv      
Timestep: 104.50min elapsed, dt = 30.00s, 7 iteration(s).
Timestep: 105.00min elapsed, dt = 30.00s, 2 iteration(s).
Halving: H: INLET.1<, Q: INLET.1<, N: INLET, Reason: Conv      
Timestep: 105.50min elapsed, dt = 30.00s, 3 iteration(s).
Timestep: 106.00min elapsed, dt = 30.00s, 2 iteration(s).
Timestep: 107.00min elapsed, dt = 60.00s, 3 iteration(s).
Timestep: 108.00min elapsed, dt = 60.00s, 5 iteration(s).
Halving: H: INLET.2<, Q: INLET.1<, N: OUTLET, Reason: Conv      
Timestep: 108.50min elapsed, dt = 30.00s, 3 iteration(s).
Timestep: 109.00min elapsed, dt = 30.00s, 2 iteration(s).
Timestep: 110.00min elapsed, dt = 60.00s, 3 iteration(s).
Timestep: 111.00min elapsed, dt = 60.00s, 7 iteration(s).
Halving: H: INLET.2<, Q: INLET.1<, N: OUTLET, Reason: Conv      
Timestep: 111.50min elapsed, dt = 30.00s, 3 iteration(s).
Timestep: 112.00min elapsed, dt = 30.00s, 2 iteration(s).
Timestep: 113.00min elapsed, dt = 60.00s, 3 iteration(s).
Timestep: 114.00min elapsed, dt = 60.00s, 7 iteration(s).
Halving: H: INLET.1<, Q: INLET.1<, N: OUTLET, Reason: Conv      
Timestep: 114.50min elapsed, dt = 30.00s, 3 iteration(s).
Timestep: 115.00min elapsed, dt = 30.00s, 2 iteration(s).
Timestep: 116.00min elapsed, dt = 60.00s, 3 iteration(s).
Timestep: 117.00min elapsed, dt = 60.00s, 7 iteration(s).
Halving: H: INLET.1<, Q: INLET.1<, N: OUTLET, Reason: Conv      
Timestep: 117.50min elapsed, dt = 30.00s, 3 iteration(s).
Timestep: 118.00min elapsed, dt = 30.00s, 1 iteration(s).
Timestep: 119.00min elapsed, dt = 60.00s, 3 iteration(s).
Timestep: 120.00min elapsed, dt = 60.00s, 6 iteration(s).
Halving: H: INLET.1<, Q: INLET.1<, N: OUTLET, Reason: Conv      
Timestep: 120.50min elapsed, dt = 30.00s, 3 iteration(s).
Timestep: 121.00min elapsed, dt = 30.00s, 1 iteration(s).
Timestep: 122.00min elapsed, dt = 60.00s, 3 iteration(s).
Timestep: 123.00min elapsed, dt = 60.00s, 6 iteration(s).
Halving: H: INLET.1<, Q: INLET.1<, N: OUTLET, Reason: Conv      
Timestep: 123.50min elapsed, dt = 30.00s, 3 iteration(s).
Timestep: 124.00min elapsed, dt = 30.00s, 1 iteration(s).
Timestep: 125.00min elapsed, dt = 60.00s, 3 iteration(s).
Timestep: 126.00min elapsed, dt = 60.00s, 6 iteration(s).
Halving: H: INLET.1<, Q: INLET.1<, N: OUTLET, Reason: Conv      
Timestep: 126.50min elapsed, dt = 30.00s, 3 iteration(s).
Timestep: 127.00min elapsed, dt = 30.00s, 2 iteration(s).
Timestep: 128.00min elapsed, dt = 60.00s, 3 iteration(s).
Timestep: 129.00min elapsed, dt = 60.00s, 6 iteration(s).
Timestep: 130.00min elapsed, dt = 60.00s, 2 iteration(s).
Timestep: 131.00min elapsed, dt = 60.00s, 3 iteration(s).
Halving: H: INLET.1>, Q: OUTLET.1<, N: OUTLET, Reason: Conv      
Timestep: 131.50min elapsed, dt = 30.00s, 4 iteration(s).
Timestep: 132.00min elapsed, dt = 30.00s, 2 iteration(s).
Timestep: 133.00min elapsed, dt = 60.00s, 3 iteration(s).
Timestep: 134.00min elapsed, dt = 60.00s, 7 iteration(s).
Timestep: 135.00min elapsed, dt = 60.00s, 2 iteration(s).
Timestep: 136.00min elapsed, dt = 60.00s, 3 iteration(s).
Halving: H: INLET.1>, Q: OUTLET.1<, N: OUTLET, Reason: Conv      
Timestep: 136.50min elapsed, dt = 30.00s, 3 iteration(s).
Timestep: 137.00min elapsed, dt = 30.00s, 2 iteration(s).
Timestep: 138.00min elapsed, dt = 60.00s, 3 iteration(s).
Timestep: 139.00min elapsed, dt = 60.00s, 6 iteration(s).
Timestep: 140.00min elapsed, dt = 60.00s, 2 iteration(s).
Timestep: 141.00min elapsed, dt = 60.00s, 3 iteration(s).
Timestep: 142.00min elapsed, dt = 60.00s, 3 iteration(s).
Halving: H: INLET.1<, Q: INLET.1<, N: OUTLET, Reason: Conv      
Timestep: 142.50min elapsed, dt = 30.00s, 3 iteration(s).
Timestep: 143.00min elapsed, dt = 30.00s, 2 iteration(s).
Timestep: 144.00min elapsed, dt = 60.00s, 3 iteration(s).
Timestep: 145.00min elapsed, dt = 60.00s, 6 iteration(s).
Timestep: 146.00min elapsed, dt = 60.00s, 2 iteration(s).
Timestep: 147.00min elapsed, dt = 60.00s, 3 iteration(s).
Timestep: 148.00min elapsed, dt = 60.00s, 3 iteration(s).
Timestep: 149.00min elapsed, dt = 60.00s, 2 iteration(s).
Timestep: 150.00min elapsed, dt = 60.00s, 3 iteration(s).
Timestep: 151.00min elapsed, dt = 60.00s, 3 iteration(s).
Halving: H: INLET.1<, Q: INLET.1<, N: OUTLET, Reason: Conv      
Timestep: 151.50min elapsed, dt = 30.00s, 3 iteration(s).
Timestep: 152.00min elapsed, dt = 30.00s, 2 iteration(s).
Timestep: 153.00min elapsed, dt = 60.00s, 3 iteration(s).
Timestep: 154.00min elapsed, dt = 60.00s, 5 iteration(s).
Timestep: 155.00min elapsed, dt = 60.00s, 2 iteration(s).
Timestep: 156.00min elapsed, dt = 60.00s, 2 iteration(s).
Timestep: 157.00min elapsed, dt = 60.00s, 3 iteration(s).
Timestep: 158.00min elapsed, dt = 60.00s, 4 iteration(s).
Halving: H: INLET.1<, Q: INLET.1<, N: OUTLET, Reason: Conv      
Timestep: 158.50min elapsed, dt = 30.00s, 3 iteration(s).
Timestep: 159.00min elapsed, dt = 30.00s, 2 iteration(s).
Timestep: 160.00min elapsed, dt = 60.00s, 3 iteration(s).
Halving: H: OUTLET.1<, Q: FM_END.1-, N: OUTLET, Reason: Conv      
Timestep: 160.50min elapsed, dt = 30.00s, 3 iteration(s).
Timestep: 161.00min elapsed, dt = 30.00s, 2 iteration(s).
Timestep: 162.00min elapsed, dt = 60.00s, 3 iteration(s).
Timestep: 163.00min elapsed, dt = 60.00s, 5 iteration(s).
Halving: H: INLET.1<, Q: INLET.1<, N: INLET, Reason: Conv      
Timestep: 163.50min elapsed, dt = 30.00s, 3 iteration(s).
Timestep: 164.00min elapsed, dt = 30.00s, 2 iteration(s).
Timestep: 165.00min elapsed, dt = 60.00s, 3 iteration(s).
Timestep: 166.00min elapsed, dt = 60.00s, 6 iteration(s).
Halving: H: INLET.1<, Q: INLET.1<, N: INLET, Reason: Conv      
Timestep: 166.50min elapsed, dt = 30.00s, 3 iteration(s).
Timestep: 167.00min elapsed, dt = 30.00s, 2 iteration(s).
Timestep: 168.00min elapsed, dt = 60.00s, 3 iteration(s).
Timestep: 169.00min elapsed, dt = 60.00s, 7 iteration(s).
Halving: H: INLET.1<, Q: INLET.1<, N: INLET, Reason: Conv      
Timestep: 169.50min elapsed, dt = 30.00s, 3 iteration(s).
Timestep: 170.00min elapsed, dt = 30.00s, 2 iteration(s).
Timestep: 171.00min elapsed, dt = 60.00s, 3 iteration(s).
Timestep: 172.00min elapsed, dt = 60.00s, 7 iteration(s).
Halving: H: INLET.1<, Q: INLET.1<, N: INLET, Reason: Conv      
Timestep: 172.50min elapsed, dt = 30.00s, 3 iteration(s).
Timestep: 173.00min elapsed, dt = 30.00s, 2 iteration(s).
Timestep: 174.00min elapsed, dt = 60.00s, 3 iteration(s).
Timestep: 175.00min elapsed, dt = 60.00s, 6 iteration(s).
Halving: H: INLET.1<, Q: OUTLET.1<, N: OUTLET, Reason: Conv      
Timestep: 175.50min elapsed, dt = 30.00s, 3 iteration(s).
Timestep: 176.00min elapsed, dt = 30.00s, 2 iteration(s).
Timestep: 177.00min elapsed, dt = 60.00s, 3 iteration(s).
Timestep: 178.00min elapsed, dt = 60.00s, 6 iteration(s).
Halving: H: INLET.1<, Q: OUTLET.1<, N: OUTLET, Reason: Conv      
Timestep: 178.50min elapsed, dt = 30.00s, 3 iteration(s).
Timestep: 179.00min elapsed, dt = 30.00s, 2 iteration(s).
Timestep: 180.00min elapsed, dt = 60.00s, 3 iteration(s).
Timestep: 181.00min elapsed, dt = 60.00s, 6 iteration(s).
Halving: H: INLET.1<, Q: OUTLET.1<, N: OUTLET, Reason: Conv      
Timestep: 181.50min elapsed, dt = 30.00s, 3 iteration(s).
Timestep: 182.00min elapsed, dt = 30.00s, 2 iteration(s).
Timestep: 183.00min elapsed, dt = 60.00s, 3 iteration(s).
Timestep: 184.00min elapsed, dt = 60.00s, 6 iteration(s).
Halving: H: INLET.1<, Q: OUTLET.1<, N: OUTLET, Reason: Conv      
Timestep: 184.50min elapsed, dt = 30.00s, 3 iteration(s).
Timestep: 185.00min elapsed, dt = 30.00s, 2 iteration(s).
Timestep: 186.00min elapsed, dt = 60.00s, 3 iteration(s).
Timestep: 187.00min elapsed, dt = 60.00s, 6 iteration(s).
Halving: H: INLET.1<, Q: OUTLET.1<, N: OUTLET, Reason: Conv      
Timestep: 187.50min elapsed, dt = 30.00s, 3 iteration(s).
Timestep: 188.00min elapsed, dt = 30.00s, 2 iteration(s).
Timestep: 189.00min elapsed, dt = 60.00s, 3 iteration(s).
Timestep: 190.00min elapsed, dt = 60.00s, 6 iteration(s).
Halving: H: INLET.1<, Q: OUTLET.1<, N: OUTLET, Reason: Conv      
Timestep: 190.50min elapsed, dt = 30.00s, 3 iteration(s).
Timestep: 191.00min elapsed, dt = 30.00s, 2 iteration(s).
Timestep: 192.00min elapsed, dt = 60.00s, 3 iteration(s).
Timestep: 193.00min elapsed, dt = 60.00s, 6 iteration(s).
Halving: H: INLET.1>, Q: OUTLET.1<, N: OUTLET, Reason: Conv      
Timestep: 193.50min elapsed, dt = 30.00s, 3 iteration(s).
Timestep: 194.00min elapsed, dt = 30.00s, 2 iteration(s).
Timestep: 195.00min elapsed, dt = 60.00s, 3 iteration(s).
Timestep: 196.00min elapsed, dt = 60.00s, 6 iteration(s).
Halving: H: INLET.1>, Q: OUTLET.1<, N: OUTLET, Reason: Conv      
Timestep: 196.50min elapsed, dt = 30.00s, 3 iteration(s).
Timestep: 197.00min elapsed, dt = 30.00s, 2 iteration(s).
Timestep: 198.00min elapsed, dt = 60.00s, 3 iteration(s).
Timestep: 199.00min elapsed, dt = 60.00s, 6 iteration(s).
Halving: H: INLET.1<, Q:  , N: , Reason: Conv      
Timestep: 199.50min elapsed, dt = 30.00s, 2 iteration(s).
Timestep: 200.00min elapsed, dt = 30.00s, 2 iteration(s).
Timestep: 201.00min elapsed, dt = 60.00s, 3 iteration(s).
Timestep: 202.00min elapsed, dt = 60.00s, 6 iteration(s).
Timestep: 203.00min elapsed, dt = 60.00s, 2 iteration(s).
Timestep: 204.00min elapsed, dt = 60.00s, 3 iteration(s).
Timestep: 205.00min elapsed, dt = 60.00s, 4 iteration(s).
Timestep: 206.00min elapsed, dt = 60.00s, 2 iteration(s).
Timestep: 207.00min elapsed, dt = 60.00s, 2 iteration(s).
Timestep: 208.00min elapsed, dt = 60.00s, 2 iteration(s).
Timestep: 209.00min elapsed, dt = 60.00s, 2 iteration(s).
Timestep: 210.00min elapsed, dt = 60.00s, 3 iteration(s).
Timestep: 211.00min elapsed, dt = 60.00s, 4 iteration(s).
Timestep: 212.00min elapsed, dt = 60.00s, 2 iteration(s).
Timestep: 213.00min elapsed, dt = 60.00s, 2 iteration(s).
Timestep: 214.00min elapsed, dt = 60.00s, 2 iteration(s).
Timestep: 215.00min elapsed, dt = 60.00s, 2 iteration(s).
Timestep: 216.00min elapsed, dt = 60.00s, 2 iteration(s).
Timestep: 217.00min elapsed, dt = 60.00s, 2 iteration(s).
Timestep: 218.00min elapsed, dt = 60.00s, 2 iteration(s).
Timestep: 219.00min elapsed, dt = 60.00s, 3 iteration(s).
Timestep: 220.00min elapsed, dt = 60.00s, 5 iteration(s).
Halving: H: INLET.1<, Q:  , N: , Reason: Conv      
Timestep: 220.50min elapsed, dt = 30.00s, 3 iteration(s).
Timestep: 221.00min elapsed, dt = 30.00s, 2 iteration(s).
Timestep: 222.00min elapsed, dt = 60.00s, 4 iteration(s).
Timestep: 223.00min elapsed, dt = 60.00s, 6 iteration(s).
Timestep: 224.00min elapsed, dt = 60.00s, 2 iteration(s).
Timestep: 225.00min elapsed, dt = 60.00s, 3 iteration(s).
Timestep: 226.00min elapsed, dt = 60.00s, 3 iteration(s).
Timestep: 227.00min elapsed, dt = 60.00s, 2 iteration(s).
Timestep: 228.00min elapsed, dt = 60.00s, 3 iteration(s).
Timestep: 229.00min elapsed, dt = 60.00s, 4 iteration(s).
Timestep: 230.00min elapsed, dt = 60.00s, 2 iteration(s).
Timestep: 231.00min elapsed, dt = 60.00s, 2 iteration(s).
Timestep: 232.00min elapsed, dt = 60.00s, 2 iteration(s).
Timestep: 233.00min elapsed, dt = 60.00s, 2 iteration(s).
Timestep: 234.00min elapsed, dt = 60.00s, 2 iteration(s).
Timestep: 235.00min elapsed, dt = 60.00s, 2 iteration(s).
Timestep: 236.00min elapsed, dt = 60.00s, 2 iteration(s).
Timestep: 237.00min elapsed, dt = 60.00s, 2 iteration(s).
Timestep: 238.00min elapsed, dt = 60.00s, 1 iteration(s).
Timestep: 239.00min elapsed, dt = 60.00s, 1 iteration(s).
Timestep: 240.00min elapsed, dt = 60.00s, 1 iteration(s).
Timestep: 241.00min elapsed, dt = 60.00s, 1 iteration(s).
Timestep: 242.00min elapsed, dt = 60.00s, 1 iteration(s).
Timestep: 243.00min elapsed, dt = 60.00s, 2 iteration(s).
Timestep: 244.00min elapsed, dt = 60.00s, 2 iteration(s).
Timestep: 245.00min elapsed, dt = 60.00s, 2 iteration(s).
Timestep: 246.00min elapsed, dt = 60.00s, 2 iteration(s).
Timestep: 247.00min elapsed, dt = 60.00s, 2 iteration(s).
Timestep: 248.00min elapsed, dt = 60.00s, 2 iteration(s).
Timestep: 249.00min elapsed, dt = 60.00s, 2 iteration(s).
Timestep: 250.00min elapsed, dt = 60.00s, 2 iteration(s).
Timestep: 251.00min elapsed, dt = 60.00s, 2 iteration(s).
Timestep: 252.00min elapsed, dt = 60.00s, 2 iteration(s).
Timestep: 253.00min elapsed, dt = 60.00s, 2 iteration(s).
Timestep: 254.00min elapsed, dt = 60.00s, 3 iteration(s).
Timestep: 255.00min elapsed, dt = 60.00s, 2 iteration(s).
Timestep: 256.00min elapsed, dt = 60.00s, 3 iteration(s).
Timestep: 257.00min elapsed, dt = 60.00s, 3 iteration(s).
Timestep: 258.00min elapsed, dt = 60.00s, 2 iteration(s).
Timestep: 259.00min elapsed, dt = 60.00s, 2 iteration(s).
Timestep: 260.00min elapsed, dt = 60.00s, 3 iteration(s).
Timestep: 261.00min elapsed, dt = 60.00s, 4 iteration(s).
Timestep: 262.00min elapsed, dt = 60.00s, 2 iteration(s).
Halving: H: INLET.2>, Q: OUTLET.1<, N: OUTLET, Reason: Conv      
Timestep: 262.50min elapsed, dt = 30.00s, 3 iteration(s).
Timestep: 263.00min elapsed, dt = 30.00s, 3 iteration(s).
Timestep: 264.00min elapsed, dt = 60.00s, 5 iteration(s).
Timestep: 265.00min elapsed, dt = 60.00s, 5 iteration(s).
Timestep: 266.00min elapsed, dt = 60.00s, 2 iteration(s).
Timestep: 267.00min elapsed, dt = 60.00s, 2 iteration(s).
Timestep: 268.00min elapsed, dt = 60.00s, 3 iteration(s).
Timestep: 269.00min elapsed, dt = 60.00s, 4 iteration(s).
Timestep: 270.00min elapsed, dt = 60.00s, 2 iteration(s).
Timestep: 271.00min elapsed, dt = 60.00s, 2 iteration(s).
Timestep: 272.00min elapsed, dt = 60.00s, 3 iteration(s).
Timestep: 273.00min elapsed, dt = 60.00s, 4 iteration(s).
Timestep: 274.00min elapsed, dt = 60.00s, 2 iteration(s).
Timestep: 275.00min elapsed, dt = 60.00s, 2 iteration(s).
Timestep: 276.00min elapsed, dt = 60.00s, 4 iteration(s).
Timestep: 277.00min elapsed, dt = 60.00s, 4 iteration(s).
Timestep: 278.00min elapsed, dt = 60.00s, 2 iteration(s).
Timestep: 279.00min elapsed, dt = 60.00s, 2 iteration(s).
Timestep: 280.00min elapsed, dt = 60.00s, 2 iteration(s).
Timestep: 281.00min elapsed, dt = 60.00s, 3 iteration(s).
Timestep: 282.00min elapsed, dt = 60.00s, 3 iteration(s).
Timestep: 283.00min elapsed, dt = 60.00s, 2 iteration(s).
Timestep: 284.00min elapsed, dt = 60.00s, 2 iteration(s).
Timestep: 285.00min elapsed, dt = 60.00s, 4 iteration(s).
Timestep: 286.00min elapsed, dt = 60.00s, 4 iteration(s).
Timestep: 287.00min elapsed, dt = 60.00s, 2 iteration(s).
Timestep: 288.00min elapsed, dt = 60.00s, 2 iteration(s).
Timestep: 289.00min elapsed, dt = 60.00s, 2 iteration(s).
Timestep: 290.00min elapsed, dt = 60.00s, 3 iteration(s).
Timestep: 291.00min elapsed, dt = 60.00s, 3 iteration(s).
Timestep: 292.00min elapsed, dt = 60.00s, 2 iteration(s).
Timestep: 293.00min elapsed, dt = 60.00s, 2 iteration(s).
Timestep: 294.00min elapsed, dt = 60.00s, 2 iteration(s).
Timestep: 295.00min elapsed, dt = 60.00s, 4 iteration(s).
Timestep: 296.00min elapsed, dt = 60.00s, 3 iteration(s).
Timestep: 297.00min elapsed, dt = 60.00s, 2 iteration(s).
Timestep: 298.00min elapsed, dt = 60.00s, 2 iteration(s).
Timestep: 299.00min elapsed, dt = 60.00s, 2 iteration(s).
Timestep: 300.00min elapsed, dt = 60.00s, 2 iteration(s).
Timestep: 301.00min elapsed, dt = 60.00s, 3 iteration(s).
Timestep: 302.00min elapsed, dt = 60.00s, 4 iteration(s).
Timestep: 303.00min elapsed, dt = 60.00s, 2 iteration(s).
Timestep: 304.00min elapsed, dt = 60.00s, 2 iteration(s).
Timestep: 305.00min elapsed, dt = 60.00s, 2 iteration(s).
Timestep: 306.00min elapsed, dt = 60.00s, 2 iteration(s).
Timestep: 307.00min elapsed, dt = 60.00s, 4 iteration(s).
Timestep: 308.00min elapsed, dt = 60.00s, 4 iteration(s).
Timestep: 309.00min elapsed, dt = 60.00s, 2 iteration(s).
Timestep: 310.00min elapsed, dt = 60.00s, 2 iteration(s).
Timestep: 311.00min elapsed, dt = 60.00s, 2 iteration(s).
Timestep: 312.00min elapsed, dt = 60.00s, 2 iteration(s).
Timestep: 313.00min elapsed, dt = 60.00s, 2 iteration(s).
Timestep: 314.00min elapsed, dt = 60.00s, 4 iteration(s).
Timestep: 315.00min elapsed, dt = 60.00s, 3 iteration(s).
Timestep: 316.00min elapsed, dt = 60.00s, 2 iteration(s).
Timestep: 317.00min elapsed, dt = 60.00s, 2 iteration(s).
Timestep: 318.00min elapsed, dt = 60.00s, 2 iteration(s).
Timestep: 319.00min elapsed, dt = 60.00s, 2 iteration(s).
Timestep: 320.00min elapsed, dt = 60.00s, 2 iteration(s).
Timestep: 321.00min elapsed, dt = 60.00s, 2 iteration(s).
Timestep: 322.00min elapsed, dt = 60.00s, 5 iteration(s).
Timestep: 323.00min elapsed, dt = 60.00s, 4 iteration(s).
Timestep: 324.00min elapsed, dt = 60.00s, 2 iteration(s).
Timestep: 325.00min elapsed, dt = 60.00s, 2 iteration(s).
Timestep: 326.00min elapsed, dt = 60.00s, 2 iteration(s).
Timestep: 327.00min elapsed, dt = 60.00s, 2 iteration(s).
Timestep: 328.00min elapsed, dt = 60.00s, 2 iteration(s).
Timestep: 329.00min elapsed, dt = 60.00s, 2 iteration(s).
Timestep: 330.00min elapsed, dt = 60.00s, 2 iteration(s).
Timestep: 331.00min elapsed, dt = 60.00s, 5 iteration(s).
Timestep: 332.00min elapsed, dt = 60.00s, 4 iteration(s).
Timestep: 333.00min elapsed, dt = 60.00s, 2 iteration(s).
Timestep: 334.00min elapsed, dt = 60.00s, 2 iteration(s).
Timestep: 335.00min elapsed, dt = 60.00s, 2 iteration(s).
Timestep: 336.00min elapsed, dt = 60.00s, 2 iteration(s).
Timestep: 337.00min elapsed, dt = 60.00s, 2 iteration(s).
Timestep: 338.00min elapsed, dt = 60.00s, 2 iteration(s).
Timestep: 339.00min elapsed, dt = 60.00s, 2 iteration(s).
Timestep: 340.00min elapsed, dt = 60.00s, 2 iteration(s).
Timestep: 341.00min elapsed, dt = 60.00s, 2 iteration(s).
Timestep: 342.00min elapsed, dt = 60.00s, 2 iteration(s).
Timestep: 343.00min elapsed, dt = 60.00s, 2 iteration(s).
Timestep: 344.00min elapsed, dt = 60.00s, 5 iteration(s).
Timestep: 345.00min elapsed, dt = 60.00s, 4 iteration(s).
Timestep: 346.00min elapsed, dt = 60.00s, 2 iteration(s).
Timestep: 347.00min elapsed, dt = 60.00s, 2 iteration(s).
Timestep: 348.00min elapsed, dt = 60.00s, 2 iteration(s).
Timestep: 349.00min elapsed, dt = 60.00s, 2 iteration(s).
Timestep: 350.00min elapsed, dt = 60.00s, 2 iteration(s).
Timestep: 351.00min elapsed, dt = 60.00s, 2 iteration(s).
Timestep: 352.00min elapsed, dt = 60.00s, 2 iteration(s).
Timestep: 353.00min elapsed, dt = 60.00s, 2 iteration(s).
Timestep: 354.00min elapsed, dt = 60.00s, 2 iteration(s).
Timestep: 355.00min elapsed, dt = 60.00s, 2 iteration(s).
Timestep: 356.00min elapsed, dt = 60.00s, 2 iteration(s).
Timestep: 357.00min elapsed, dt = 60.00s, 2 iteration(s).
Timestep: 358.00min elapsed, dt = 60.00s, 1 iteration(s).
Timestep: 359.00min elapsed, dt = 60.00s, 1 iteration(s).
Timestep: 360.00min elapsed, dt = 60.00s, 1 iteration(s).
Timestep: 361.00min elapsed, dt = 60.00s, 1 iteration(s).
Timestep: 362.00min elapsed, dt = 60.00s, 1 iteration(s).
Timestep: 363.00min elapsed, dt = 60.00s, 2 iteration(s).
Timestep: 364.00min elapsed, dt = 60.00s, 2 iteration(s).
Timestep: 365.00min elapsed, dt = 60.00s, 2 iteration(s).
Timestep: 366.00min elapsed, dt = 60.00s, 2 iteration(s).
Timestep: 367.00min elapsed, dt = 60.00s, 2 iteration(s).
Timestep: 368.00min elapsed, dt = 60.00s, 2 iteration(s).
Timestep: 369.00min elapsed, dt = 60.00s, 2 iteration(s).
Timestep: 370.00min elapsed, dt = 60.00s, 2 iteration(s).
Timestep: 371.00min elapsed, dt = 60.00s, 2 iteration(s).
Timestep: 372.00min elapsed, dt = 60.00s, 2 iteration(s).
Timestep: 373.00min elapsed, dt = 60.00s, 2 iteration(s).
Timestep: 374.00min elapsed, dt = 60.00s, 2 iteration(s).
Timestep: 375.00min elapsed, dt = 60.00s, 3 iteration(s).
Timestep: 376.00min elapsed, dt = 60.00s, 1 iteration(s).
Timestep: 377.00min elapsed, dt = 60.00s, 1 iteration(s).
Timestep: 378.00min elapsed, dt = 60.00s, 1 iteration(s).
Timestep: 379.00min elapsed, dt = 60.00s, 1 iteration(s).
Timestep: 380.00min elapsed, dt = 60.00s, 1 iteration(s).
Timestep: 381.00min elapsed, dt = 60.00s, 1 iteration(s).
Timestep: 382.00min elapsed, dt = 60.00s, 1 iteration(s).
Timestep: 383.00min elapsed, dt = 60.00s, 1 iteration(s).
Timestep: 384.00min elapsed, dt = 60.00s, 1 iteration(s).
Timestep: 385.00min elapsed, dt = 60.00s, 1 iteration(s).
Timestep: 386.00min elapsed, dt = 60.00s, 1 iteration(s).
Timestep: 387.00min elapsed, dt = 60.00s, 1 iteration(s).
Timestep: 388.00min elapsed, dt = 60.00s, 1 iteration(s).
Timestep: 389.00min elapsed, dt = 60.00s, 1 iteration(s).
Timestep: 390.00min elapsed, dt = 60.00s, 1 iteration(s).
Timestep: 391.00min elapsed, dt = 60.00s, 1 iteration(s).
Timestep: 392.00min elapsed, dt = 60.00s, 1 iteration(s).
Timestep: 393.00min elapsed, dt = 60.00s, 1 iteration(s).
Timestep: 394.00min elapsed, dt = 60.00s, 1 iteration(s).
Timestep: 395.00min elapsed, dt = 60.00s, 1 iteration(s).
Timestep: 396.00min elapsed, dt = 60.00s, 1 iteration(s).
Timestep: 397.00min elapsed, dt = 60.00s, 1 iteration(s).
Timestep: 398.00min elapsed, dt = 60.00s, 1 iteration(s).
Timestep: 399.00min elapsed, dt = 60.00s, 1 iteration(s).
Timestep: 400.00min elapsed, dt = 60.00s, 1 iteration(s).
Timestep: 401.00min elapsed, dt = 60.00s, 1 iteration(s).
Timestep: 402.00min elapsed, dt = 60.00s, 1 iteration(s).
Timestep: 403.00min elapsed, dt = 60.00s, 1 iteration(s).
Timestep: 404.00min elapsed, dt = 60.00s, 1 iteration(s).
Timestep: 405.00min elapsed, dt = 60.00s, 1 iteration(s).
Timestep: 406.00min elapsed, dt = 60.00s, 1 iteration(s).
Timestep: 407.00min elapsed, dt = 60.00s, 1 iteration(s).
Timestep: 408.00min elapsed, dt = 60.00s, 1 iteration(s).
Timestep: 409.00min elapsed, dt = 60.00s, 1 iteration(s).
Timestep: 410.00min elapsed, dt = 60.00s, 1 iteration(s).
Timestep: 411.00min elapsed, dt = 60.00s, 1 iteration(s).
Timestep: 412.00min elapsed, dt = 60.00s, 1 iteration(s).
Timestep: 413.00min elapsed, dt = 60.00s, 1 iteration(s).
Timestep: 414.00min elapsed, dt = 60.00s, 1 iteration(s).
Timestep: 415.00min elapsed, dt = 60.00s, 1 iteration(s).
Timestep: 416.00min elapsed, dt = 60.00s, 1 iteration(s).
Timestep: 417.00min elapsed, dt = 60.00s, 1 iteration(s).
Timestep: 418.00min elapsed, dt = 60.00s, 1 iteration(s).
Timestep: 419.00min elapsed, dt = 60.00s, 1 iteration(s).
Timestep: 420.00min elapsed, dt = 60.00s, 1 iteration(s).
Timestep: 421.00min elapsed, dt = 60.00s, 1 iteration(s).
Timestep: 422.00min elapsed, dt = 60.00s, 1 iteration(s).
Timestep: 423.00min elapsed, dt = 60.00s, 1 iteration(s).
Timestep: 424.00min elapsed, dt = 60.00s, 1 iteration(s).
Timestep: 425.00min elapsed, dt = 60.00s, 1 iteration(s).
Timestep: 426.00min elapsed, dt = 60.00s, 1 iteration(s).
Timestep: 427.00min elapsed, dt = 60.00s, 1 iteration(s).
Timestep: 428.00min elapsed, dt = 60.00s, 1 iteration(s).
Timestep: 429.00min elapsed, dt = 60.00s, 1 iteration(s).
Timestep: 430.00min elapsed, dt = 60.00s, 1 iteration(s).
Timestep: 431.00min elapsed, dt = 60.00s, 1 iteration(s).
Timestep: 432.00min elapsed, dt = 60.00s, 1 iteration(s).
Timestep: 433.00min elapsed, dt = 60.00s, 1 iteration(s).
Timestep: 434.00min elapsed, dt = 60.00s, 1 iteration(s).
Timestep: 435.00min elapsed, dt = 60.00s, 1 iteration(s).
Timestep: 436.00min elapsed, dt = 60.00s, 1 iteration(s).
Timestep: 437.00min elapsed, dt = 60.00s, 1 iteration(s).
Timestep: 438.00min elapsed, dt = 60.00s, 1 iteration(s).
Timestep: 439.00min elapsed, dt = 60.00s, 1 iteration(s).
Timestep: 440.00min elapsed, dt = 60.00s, 1 iteration(s).
Timestep: 441.00min elapsed, dt = 60.00s, 1 iteration(s).
Timestep: 442.00min elapsed, dt = 60.00s, 1 iteration(s).
Timestep: 443.00min elapsed, dt = 60.00s, 1 iteration(s).
Timestep: 444.00min elapsed, dt = 60.00s, 1 iteration(s).
Timestep: 445.00min elapsed, dt = 60.00s, 1 iteration(s).
Timestep: 446.00min elapsed, dt = 60.00s, 1 iteration(s).
Timestep: 447.00min elapsed, dt = 60.00s, 1 iteration(s).
Timestep: 448.00min elapsed, dt = 60.00s, 1 iteration(s).
Timestep: 449.00min elapsed, dt = 60.00s, 1 iteration(s).
Timestep: 450.00min elapsed, dt = 60.00s, 1 iteration(s).
Timestep: 451.00min elapsed, dt = 60.00s, 1 iteration(s).
Timestep: 452.00min elapsed, dt = 60.00s, 1 iteration(s).
Timestep: 453.00min elapsed, dt = 60.00s, 1 iteration(s).
Timestep: 454.00min elapsed, dt = 60.00s, 1 iteration(s).
Timestep: 455.00min elapsed, dt = 60.00s, 1 iteration(s).
Timestep: 456.00min elapsed, dt = 60.00s, 1 iteration(s).
Timestep: 457.00min elapsed, dt = 60.00s, 1 iteration(s).
Timestep: 458.00min elapsed, dt = 60.00s, 1 iteration(s).
Timestep: 459.00min elapsed, dt = 60.00s, 1 iteration(s).
Timestep: 460.00min elapsed, dt = 60.00s, 1 iteration(s).
Timestep: 461.00min elapsed, dt = 60.00s, 1 iteration(s).
Timestep: 462.00min elapsed, dt = 60.00s, 1 iteration(s).
Timestep: 463.00min elapsed, dt = 60.00s, 1 iteration(s).
Timestep: 464.00min elapsed, dt = 60.00s, 1 iteration(s).
Timestep: 465.00min elapsed, dt = 60.00s, 1 iteration(s).
Timestep: 466.00min elapsed, dt = 60.00s, 1 iteration(s).
Timestep: 467.00min elapsed, dt = 60.00s, 1 iteration(s).
Timestep: 468.00min elapsed, dt = 60.00s, 1 iteration(s).
Timestep: 469.00min elapsed, dt = 60.00s, 1 iteration(s).
Timestep: 470.00min elapsed, dt = 60.00s, 1 iteration(s).
Timestep: 471.00min elapsed, dt = 60.00s, 1 iteration(s).
Timestep: 472.00min elapsed, dt = 60.00s, 1 iteration(s).
Timestep: 473.00min elapsed, dt = 60.00s, 1 iteration(s).
Timestep: 474.00min elapsed, dt = 60.00s, 1 iteration(s).
Timestep: 475.00min elapsed, dt = 60.00s, 1 iteration(s).
Timestep: 476.00min elapsed, dt = 60.00s, 1 iteration(s).
Timestep: 477.00min elapsed, dt = 60.00s, 1 iteration(s).
Timestep: 478.00min elapsed, dt = 60.00s, 1 iteration(s).
Timestep: 479.00min elapsed, dt = 60.00s, 1 iteration(s).
Timestep: 480.00min elapsed, dt = 60.00s, 1 iteration(s).
Timestep: 481.00min elapsed, dt = 60.00s, 1 iteration(s).
Timestep: 482.00min elapsed, dt = 60.00s, 1 iteration(s).
Timestep: 483.00min elapsed, dt = 60.00s, 1 iteration(s).
Timestep: 484.00min elapsed, dt = 60.00s, 1 iteration(s).
Timestep: 485.00min elapsed, dt = 60.00s, 1 iteration(s).
Timestep: 486.00min elapsed, dt = 60.00s, 1 iteration(s).
Timestep: 487.00min elapsed, dt = 60.00s, 1 iteration(s).
Timestep: 488.00min elapsed, dt = 60.00s, 1 iteration(s).
Timestep: 489.00min elapsed, dt = 60.00s, 1 iteration(s).
Timestep: 490.00min elapsed, dt = 60.00s, 1 iteration(s).
Timestep: 491.00min elapsed, dt = 60.00s, 1 iteration(s).
Timestep: 492.00min elapsed, dt = 60.00s, 1 iteration(s).
Timestep: 493.00min elapsed, dt = 60.00s, 1 iteration(s).
Timestep: 494.00min elapsed, dt = 60.00s, 1 iteration(s).
Timestep: 495.00min elapsed, dt = 60.00s, 1 iteration(s).
Timestep: 496.00min elapsed, dt = 60.00s, 1 iteration(s).
Timestep: 497.00min elapsed, dt = 60.00s, 1 iteration(s).
Timestep: 498.00min elapsed, dt = 60.00s, 1 iteration(s).
Timestep: 499.00min elapsed, dt = 60.00s, 1 iteration(s).
Timestep: 500.00min elapsed, dt = 60.00s, 1 iteration(s).
Timestep: 501.00min elapsed, dt = 60.00s, 1 iteration(s).
Timestep: 502.00min elapsed, dt = 60.00s, 1 iteration(s).
Timestep: 503.00min elapsed, dt = 60.00s, 1 iteration(s).
Timestep: 504.00min elapsed, dt = 60.00s, 1 iteration(s).
Timestep: 505.00min elapsed, dt = 60.00s, 1 iteration(s).
Timestep: 506.00min elapsed, dt = 60.00s, 1 iteration(s).
Timestep: 507.00min elapsed, dt = 60.00s, 1 iteration(s).
Timestep: 508.00min elapsed, dt = 60.00s, 1 iteration(s).
Timestep: 509.00min elapsed, dt = 60.00s, 1 iteration(s).
Timestep: 510.00min elapsed, dt = 60.00s, 1 iteration(s).
Timestep: 511.00min elapsed, dt = 60.00s, 1 iteration(s).
Timestep: 512.00min elapsed, dt = 60.00s, 1 iteration(s).
Timestep: 513.00min elapsed, dt = 60.00s, 1 iteration(s).
Timestep: 514.00min elapsed, dt = 60.00s, 1 iteration(s).
Timestep: 515.00min elapsed, dt = 60.00s, 1 iteration(s).
Timestep: 516.00min elapsed, dt = 60.00s, 1 iteration(s).
Timestep: 517.00min elapsed, dt = 60.00s, 1 iteration(s).
Timestep: 518.00min elapsed, dt = 60.00s, 1 iteration(s).
Timestep: 519.00min elapsed, dt = 60.00s, 1 iteration(s).
Timestep: 520.00min elapsed, dt = 60.00s, 1 iteration(s).
Timestep: 521.00min elapsed, dt = 60.00s, 1 iteration(s).
Timestep: 522.00min elapsed, dt = 60.00s, 1 iteration(s).
Timestep: 523.00min elapsed, dt = 60.00s, 1 iteration(s).
Timestep: 524.00min elapsed, dt = 60.00s, 1 iteration(s).
Timestep: 525.00min elapsed, dt = 60.00s, 1 iteration(s).
Timestep: 526.00min elapsed, dt = 60.00s, 1 iteration(s).
Timestep: 527.00min elapsed, dt = 60.00s, 1 iteration(s).
Timestep: 528.00min elapsed, dt = 60.00s, 1 iteration(s).
Timestep: 529.00min elapsed, dt = 60.00s, 1 iteration(s).
Timestep: 530.00min elapsed, dt = 60.00s, 1 iteration(s).
Timestep: 531.00min elapsed, dt = 60.00s, 1 iteration(s).
Timestep: 532.00min elapsed, dt = 60.00s, 1 iteration(s).
Timestep: 533.00min elapsed, dt = 60.00s, 1 iteration(s).
Timestep: 534.00min elapsed, dt = 60.00s, 1 iteration(s).
Timestep: 535.00min elapsed, dt = 60.00s, 1 iteration(s).
Timestep: 536.00min elapsed, dt = 60.00s, 1 iteration(s).
Timestep: 537.00min elapsed, dt = 60.00s, 1 iteration(s).
Timestep: 538.00min elapsed, dt = 60.00s, 1 iteration(s).
Timestep: 539.00min elapsed, dt = 60.00s, 1 iteration(s).
Timestep: 540.00min elapsed, dt = 60.00s, 1 iteration(s).
Timestep: 541.00min elapsed, dt = 60.00s, 1 iteration(s).
Timestep: 542.00min elapsed, dt = 60.00s, 1 iteration(s).
Timestep: 543.00min elapsed, dt = 60.00s, 1 iteration(s).
Timestep: 544.00min elapsed, dt = 60.00s, 1 iteration(s).
Timestep: 545.00min elapsed, dt = 60.00s, 1 iteration(s).
Timestep: 546.00min elapsed, dt = 60.00s, 1 iteration(s).
Timestep: 547.00min elapsed, dt = 60.00s, 1 iteration(s).
Timestep: 548.00min elapsed, dt = 60.00s, 1 iteration(s).
Timestep: 549.00min elapsed, dt = 60.00s, 1 iteration(s).
Timestep: 550.00min elapsed, dt = 60.00s, 1 iteration(s).
Timestep: 551.00min elapsed, dt = 60.00s, 1 iteration(s).
Timestep: 552.00min elapsed, dt = 60.00s, 1 iteration(s).
Timestep: 553.00min elapsed, dt = 60.00s, 1 iteration(s).
Timestep: 554.00min elapsed, dt = 60.00s, 1 iteration(s).
Timestep: 555.00min elapsed, dt = 60.00s, 1 iteration(s).
Timestep: 556.00min elapsed, dt = 60.00s, 1 iteration(s).
Timestep: 557.00min elapsed, dt = 60.00s, 1 iteration(s).
Timestep: 558.00min elapsed, dt = 60.00s, 1 iteration(s).
Timestep: 559.00min elapsed, dt = 60.00s, 1 iteration(s).
Timestep: 560.00min elapsed, dt = 60.00s, 1 iteration(s).
Timestep: 561.00min elapsed, dt = 60.00s, 1 iteration(s).
Timestep: 562.00min elapsed, dt = 60.00s, 1 iteration(s).
Timestep: 563.00min elapsed, dt = 60.00s, 1 iteration(s).
Timestep: 564.00min elapsed, dt = 60.00s, 1 iteration(s).
Timestep: 565.00min elapsed, dt = 60.00s, 1 iteration(s).
Timestep: 566.00min elapsed, dt = 60.00s, 1 iteration(s).
Timestep: 567.00min elapsed, dt = 60.00s, 1 iteration(s).
Timestep: 568.00min elapsed, dt = 60.00s, 1 iteration(s).
Timestep: 569.00min elapsed, dt = 60.00s, 1 iteration(s).
Timestep: 570.00min elapsed, dt = 60.00s, 1 iteration(s).
Timestep: 571.00min elapsed, dt = 60.00s, 1 iteration(s).
Timestep: 572.00min elapsed, dt = 60.00s, 1 iteration(s).
Timestep: 573.00min elapsed, dt = 60.00s, 1 iteration(s).
Timestep: 574.00min elapsed, dt = 60.00s, 1 iteration(s).
Timestep: 575.00min elapsed, dt = 60.00s, 1 iteration(s).
Timestep: 576.00min elapsed, dt = 60.00s, 1 iteration(s).
Timestep: 577.00min elapsed, dt = 60.00s, 1 iteration(s).
Timestep: 578.00min elapsed, dt = 60.00s, 1 iteration(s).
Timestep: 579.00min elapsed, dt = 60.00s, 1 iteration(s).
Timestep: 580.00min elapsed, dt = 60.00s, 1 iteration(s).
Timestep: 581.00min elapsed, dt = 60.00s, 1 iteration(s).
Timestep: 582.00min elapsed, dt = 60.00s, 1 iteration(s).
Timestep: 583.00min elapsed, dt = 60.00s, 1 iteration(s).
Timestep: 584.00min elapsed, dt = 60.00s, 1 iteration(s).
Timestep: 585.00min elapsed, dt = 60.00s, 1 iteration(s).
Timestep: 586.00min elapsed, dt = 60.00s, 1 iteration(s).
Timestep: 587.00min elapsed, dt = 60.00s, 1 iteration(s).
Timestep: 588.00min elapsed, dt = 60.00s, 1 iteration(s).
Timestep: 589.00min elapsed, dt = 60.00s, 1 iteration(s).
Timestep: 590.00min elapsed, dt = 60.00s, 1 iteration(s).
Timestep: 591.00min elapsed, dt = 60.00s, 1 iteration(s).
Timestep: 592.00min elapsed, dt = 60.00s, 1 iteration(s).
Timestep: 593.00min elapsed, dt = 60.00s, 1 iteration(s).
Timestep: 594.00min elapsed, dt = 60.00s, 1 iteration(s).
Timestep: 595.00min elapsed, dt = 60.00s, 1 iteration(s).
Timestep: 596.00min elapsed, dt = 60.00s, 1 iteration(s).
Timestep: 597.00min elapsed, dt = 60.00s, 1 iteration(s).
Timestep: 598.00min elapsed, dt = 60.00s, 1 iteration(s).
Timestep: 599.00min elapsed, dt = 60.00s, 1 iteration(s).
Timestep: 600.00min elapsed, dt = 60.00s, 1 iteration(s).
Timestep: 601.00min elapsed, dt = 60.00s, 1 iteration(s).
Timestep: 602.00min elapsed, dt = 60.00s, 1 iteration(s).
Timestep: 603.00min elapsed, dt = 60.00s, 1 iteration(s).
Timestep: 604.00min elapsed, dt = 60.00s, 1 iteration(s).
Timestep: 605.00min elapsed, dt = 60.00s, 1 iteration(s).
Timestep: 606.00min elapsed, dt = 60.00s, 1 iteration(s).
Timestep: 607.00min elapsed, dt = 60.00s, 1 iteration(s).
Timestep: 608.00min elapsed, dt = 60.00s, 1 iteration(s).
Timestep: 609.00min elapsed, dt = 60.00s, 1 iteration(s).
Timestep: 610.00min elapsed, dt = 60.00s, 1 iteration(s).
Timestep: 611.00min elapsed, dt = 60.00s, 1 iteration(s).
Timestep: 612.00min elapsed, dt = 60.00s, 1 iteration(s).
Timestep: 613.00min elapsed, dt = 60.00s, 1 iteration(s).
Timestep: 614.00min elapsed, dt = 60.00s, 1 iteration(s).
Timestep: 615.00min elapsed, dt = 60.00s, 1 iteration(s).
Timestep: 616.00min elapsed, dt = 60.00s, 1 iteration(s).
Timestep: 617.00min elapsed, dt = 60.00s, 1 iteration(s).
Timestep: 618.00min elapsed, dt = 60.00s, 1 iteration(s).
Timestep: 619.00min elapsed, dt = 60.00s, 1 iteration(s).
Timestep: 620.00min elapsed, dt = 60.00s, 1 iteration(s).
Timestep: 621.00min elapsed, dt = 60.00s, 1 iteration(s).
Timestep: 622.00min elapsed, dt = 60.00s, 1 iteration(s).
Timestep: 623.00min elapsed, dt = 60.00s, 1 iteration(s).
Timestep: 624.00min elapsed, dt = 60.00s, 1 iteration(s).
Timestep: 625.00min elapsed, dt = 60.00s, 1 iteration(s).
Timestep: 626.00min elapsed, dt = 60.00s, 1 iteration(s).
Timestep: 627.00min elapsed, dt = 60.00s, 1 iteration(s).
Timestep: 628.00min elapsed, dt = 60.00s, 1 iteration(s).
Timestep: 629.00min elapsed, dt = 60.00s, 1 iteration(s).
Timestep: 630.00min elapsed, dt = 60.00s, 1 iteration(s).
Timestep: 631.00min elapsed, dt = 60.00s, 1 iteration(s).
Timestep: 632.00min elapsed, dt = 60.00s, 1 iteration(s).
Timestep: 633.00min elapsed, dt = 60.00s, 1 iteration(s).
Timestep: 634.00min elapsed, dt = 60.00s, 1 iteration(s).
Timestep: 635.00min elapsed, dt = 60.00s, 1 iteration(s).
Timestep: 636.00min elapsed, dt = 60.00s, 1 iteration(s).
Timestep: 637.00min elapsed, dt = 60.00s, 1 iteration(s).
Timestep: 638.00min elapsed, dt = 60.00s, 1 iteration(s).
Timestep: 639.00min elapsed, dt = 60.00s, 1 iteration(s).
Timestep: 640.00min elapsed, dt = 60.00s, 1 iteration(s).
Timestep: 641.00min elapsed, dt = 60.00s, 1 iteration(s).
Timestep: 642.00min elapsed, dt = 60.00s, 1 iteration(s).
Timestep: 643.00min elapsed, dt = 60.00s, 1 iteration(s).
Timestep: 644.00min elapsed, dt = 60.00s, 1 iteration(s).
Timestep: 645.00min elapsed, dt = 60.00s, 1 iteration(s).
Timestep: 646.00min elapsed, dt = 60.00s, 1 iteration(s).
Timestep: 647.00min elapsed, dt = 60.00s, 1 iteration(s).
Timestep: 648.00min elapsed, dt = 60.00s, 1 iteration(s).
Timestep: 649.00min elapsed, dt = 60.00s, 1 iteration(s).
Timestep: 650.00min elapsed, dt = 60.00s, 1 iteration(s).
Timestep: 651.00min elapsed, dt = 60.00s, 1 iteration(s).
Timestep: 652.00min elapsed, dt = 60.00s, 1 iteration(s).
Timestep: 653.00min elapsed, dt = 60.00s, 1 iteration(s).
Timestep: 654.00min elapsed, dt = 60.00s, 1 iteration(s).
Timestep: 655.00min elapsed, dt = 60.00s, 1 iteration(s).
Timestep: 656.00min elapsed, dt = 60.00s, 1 iteration(s).
Timestep: 657.00min elapsed, dt = 60.00s, 1 iteration(s).
Timestep: 658.00min elapsed, dt = 60.00s, 1 iteration(s).
Timestep: 659.00min elapsed, dt = 60.00s, 1 iteration(s).
Timestep: 660.00min elapsed, dt = 60.00s, 1 iteration(s).
Timestep: 661.00min elapsed, dt = 60.00s, 1 iteration(s).
Timestep: 662.00min elapsed, dt = 60.00s, 1 iteration(s).
Timestep: 663.00min elapsed, dt = 60.00s, 1 iteration(s).
Timestep: 664.00min elapsed, dt = 60.00s, 1 iteration(s).
Timestep: 665.00min elapsed, dt = 60.00s, 1 iteration(s).
Timestep: 666.00min elapsed, dt = 60.00s, 1 iteration(s).
Timestep: 667.00min elapsed, dt = 60.00s, 1 iteration(s).
Timestep: 668.00min elapsed, dt = 60.00s, 1 iteration(s).
Timestep: 669.00min elapsed, dt = 60.00s, 1 iteration(s).
Timestep: 670.00min elapsed, dt = 60.00s, 1 iteration(s).
Timestep: 671.00min elapsed, dt = 60.00s, 1 iteration(s).
Timestep: 672.00min elapsed, dt = 60.00s, 1 iteration(s).
Timestep: 673.00min elapsed, dt = 60.00s, 1 iteration(s).
Timestep: 674.00min elapsed, dt = 60.00s, 1 iteration(s).
Timestep: 675.00min elapsed, dt = 60.00s, 1 iteration(s).
Timestep: 676.00min elapsed, dt = 60.00s, 1 iteration(s).
Timestep: 677.00min elapsed, dt = 60.00s, 1 iteration(s).
Timestep: 678.00min elapsed, dt = 60.00s, 1 iteration(s).
Timestep: 679.00min elapsed, dt = 60.00s, 1 iteration(s).
Timestep: 680.00min elapsed, dt = 60.00s, 1 iteration(s).
Timestep: 681.00min elapsed, dt = 60.00s, 1 iteration(s).
Timestep: 682.00min elapsed, dt = 60.00s, 1 iteration(s).
Timestep: 683.00min elapsed, dt = 60.00s, 1 iteration(s).
Timestep: 684.00min elapsed, dt = 60.00s, 1 iteration(s).
Timestep: 685.00min elapsed, dt = 60.00s, 1 iteration(s).
Timestep: 686.00min elapsed, dt = 60.00s, 1 iteration(s).
Timestep: 687.00min elapsed, dt = 60.00s, 1 iteration(s).
Timestep: 688.00min elapsed, dt = 60.00s, 1 iteration(s).
Timestep: 689.00min elapsed, dt = 60.00s, 1 iteration(s).
Timestep: 690.00min elapsed, dt = 60.00s, 1 iteration(s).
Timestep: 691.00min elapsed, dt = 60.00s, 1 iteration(s).
Timestep: 692.00min elapsed, dt = 60.00s, 1 iteration(s).
Timestep: 693.00min elapsed, dt = 60.00s, 1 iteration(s).
Timestep: 694.00min elapsed, dt = 60.00s, 1 iteration(s).
Timestep: 695.00min elapsed, dt = 60.00s, 1 iteration(s).
Timestep: 696.00min elapsed, dt = 60.00s, 1 iteration(s).
Timestep: 697.00min elapsed, dt = 60.00s, 1 iteration(s).
Timestep: 698.00min elapsed, dt = 60.00s, 1 iteration(s).
Timestep: 699.00min elapsed, dt = 60.00s, 1 iteration(s).
Timestep: 700.00min elapsed, dt = 60.00s, 1 iteration(s).
Timestep: 701.00min elapsed, dt = 60.00s, 1 iteration(s).
Timestep: 702.00min elapsed, dt = 60.00s, 1 iteration(s).
Timestep: 703.00min elapsed, dt = 60.00s, 1 iteration(s).
Timestep: 704.00min elapsed, dt = 60.00s, 1 iteration(s).
Timestep: 705.00min elapsed, dt = 60.00s, 1 iteration(s).
Timestep: 706.00min elapsed, dt = 60.00s, 1 iteration(s).
Timestep: 707.00min elapsed, dt = 60.00s, 1 iteration(s).
Timestep: 708.00min elapsed, dt = 60.00s, 1 iteration(s).
Timestep: 709.00min elapsed, dt = 60.00s, 1 iteration(s).
Timestep: 710.00min elapsed, dt = 60.00s, 1 iteration(s).
Timestep: 711.00min elapsed, dt = 60.00s, 1 iteration(s).
Timestep: 712.00min elapsed, dt = 60.00s, 1 iteration(s).
Timestep: 713.00min elapsed, dt = 60.00s, 1 iteration(s).
Timestep: 714.00min elapsed, dt = 60.00s, 1 iteration(s).
Timestep: 715.00min elapsed, dt = 60.00s, 1 iteration(s).
Timestep: 716.00min elapsed, dt = 60.00s, 1 iteration(s).
Timestep: 717.00min elapsed, dt = 60.00s, 1 iteration(s).
Timestep: 718.00min elapsed, dt = 60.00s, 1 iteration(s).
Timestep: 719.00min elapsed, dt = 60.00s, 1 iteration(s).
Timestep: 720.00min elapsed, dt = 60.00s, 1 iteration(s).

Link depth fail counts:
                                                          FM_END.1 16
                                                           INLET.1 71
                                                           INLET.2 5
                                                          OUTLET.1 4

Link flow fail counts:
                                                          FM_END.1 11
                                                           INLET.1 27
                                                          OUTLET.1 51

Node fail counts:
                                                          FM_END 44
                                                           INLET 11
                                                          OUTLET 61

Unconverged link depth counts:
                                                          FM_END.1 317
                                                           INLET.1 1098
                                                           INLET.2 112
                                                          OUTLET.1 119

Unconverged link flow counts:
                                                          FM_END.1 433
                                                           INLET.1 419
                                                           INLET.2 2
                                                          OUTLET.1 262

Unconverged nodes counts:
                                                          FM_END 541
                                                           INLET 446
                                                          OUTLET 844

WRITING
  Message 253: Run finished for event 1.
 
  Memory used by simulation engine = 10.5MB
  Threads = 16
  Elapsed clock time = 2s
  Total CPU time = 9.7s
EXITING
28/11/23 20:08:44 Simulation engine exited code 0 (0x00000000)
28/11/23 20:08:44 Starting SimPostP engine on ADSKPW010DKL as user mengm
"C:\Program Files\Autodesk\InfoWorks ICM Ultimate 2024\simpostp.exe" 1164
SimPostP 29.0.174
FileLDS: C:\ProgramData\Innovyze\InfoWorksAgent\SA_7C2E7CEE-426C-4EA4-8F56-52B0701433F3\NNET26#21.wdb
File(S): C:\Users\mengm\AppData\Local\Innovyze\Results Folder\7C2E7CEE-426C-4EA4-8F56-52B0701433F3\sim645.iwr
File(A): C:\Users\mengm\AppData\Local\Innovyze\Results Folder\7C2E7CEE-426C-4EA4-8F56-52B0701433F3\sim645.iwr
Writing: C:\Users\mengm\AppData\Local\Innovyze\Results Folder\7C2E7CEE-426C-4EA4-8F56-52B0701433F3\sim645.iwrcache
