 Volume in drive C is OS
 Volume Serial Number is 04E4-612B

 Directory of C:\Users\dickinre\Documents\Open-Source-Support-main\01 InfoWorks ICM\InfoSewer to ICM\Open-Source-Support\01 InfoWorks ICM\01 Ruby\02 SWMM

07/29/2023  08:31 PM    <DIR>          .
07/29/2023  08:31 PM    <DIR>          ..
07/11/2023  06:57 PM    <DIR>          0001 - Pipe Length Statistics
05/23/2023  01:02 PM    <DIR>          0002 - Quick Trace
05/23/2023  01:02 PM    <DIR>          0003 - Scenario Maker
05/23/2023  01:02 PM    <DIR>          0004 - New ICM SWMM Scenarios
05/23/2023  01:02 PM    <DIR>          0005 - Change All Node and Link IDs
05/23/2023  01:02 PM    <DIR>          0006  - Add Total Area for Subs
05/23/2023  01:02 PM    <DIR>          0007 - Kutter Sql for ICM SWMM
07/07/2023  07:48 PM    <DIR>          0008 - Select Upstream Subcatchments from a Node with Multilinks
07/11/2023  04:29 PM    <DIR>          0009 - ICM Binary Results Export
07/11/2023  04:27 PM    <DIR>          0010 - List all results fields in a simulation
07/11/2023  04:18 PM    <DIR>          0011 - Pipe Length Selection
07/11/2023  04:29 PM    <DIR>          0012 - ODEC Export Node and Conduit tables to CSV and MIF
07/11/2023  07:03 PM    <DIR>          0013 - Depression Storage  Statistics
07/11/2023  04:29 PM    <DIR>          0014 - Find all flags in all objects of a network model
07/16/2023  09:48 AM    <DIR>          0015 - Pipe Diameter Statistics
07/16/2023  11:47 AM    <DIR>          0016 - All Link Parameter  Statistics
07/16/2023  11:48 AM    <DIR>          0017 - All Node Parameter  Statistics
07/16/2023  11:48 AM    <DIR>          0018 - All Subcatcatchemt Parameter  Statistics
07/11/2023  04:29 PM    <DIR>          0021 - Create a node from polygon boundary
07/11/2023  04:29 PM    <DIR>          0022 - Output CSV of calcs based on Subcatchment Data
05/23/2023  01:02 PM    <DIR>          0024 - Input Message Box
05/23/2023  01:02 PM    <DIR>          0025 - Get Minimum X, Y for All Nodes
07/07/2023  07:50 PM    <DIR>          0026 - Make_Subcatchments_From_Imported_InfoSewer_Manholes
07/11/2023  04:25 PM    <DIR>          0027 - Copy a subcatchment and rename it
07/11/2023  04:29 PM    <DIR>          0028 - Percentage change in runoff surfaces upstream node into new scenario
07/11/2023  04:29 PM    <DIR>          0029 - Runoff surfaces from selected subcatchments
07/11/2023  04:29 PM    <DIR>          0030 - Connect subcatchment to nearest node
07/11/2023  04:29 PM    <DIR>          0031 - List all results fields in a simulation
07/11/2023  04:29 PM    <DIR>          0039 - Calculate subcatchment areas in all nodes upstream a node
07/11/2023  04:29 PM    <DIR>          0040 - Create a new selection list using a SQL query
07/11/2023  04:29 PM    <DIR>          0043 - Get results from all timesteps
07/11/2023  04:29 PM    <DIR>          0045 - Clear SUDS from subcatchments
07/11/2023  04:29 PM    <DIR>          0046 - Output SUDS control as CSV
07/11/2023  04:29 PM    <DIR>          0047 - Select links sharing the same us and ds node ids
07/11/2023  04:29 PM    <DIR>          0048 - Delete all scenarios except Base
07/11/2023  04:29 PM    <DIR>          0050 - Assign Subcatchment to nearest 'Storage' type Node
05/23/2023  01:02 PM    <DIR>          0056 - Listview of the currently selected network objects
05/23/2023  01:02 PM    <DIR>          0057 - Scenario Maker - Specific
05/23/2023  01:02 PM    <DIR>          0058 - Bifurcation Nodes
05/23/2023  01:02 PM    <DIR>          0059 - Dry Pipes
05/23/2023  01:02 PM    <DIR>          0060 - Find All Network Elements
05/23/2023  01:02 PM    <DIR>          0061 - Flow Survey
05/23/2023  01:02 PM    <DIR>          0062 - Header Nodes
05/23/2023  01:02 PM    <DIR>          0063 - ICM SWMM All Tables
05/23/2023  01:02 PM    <DIR>          0064 - ICM SWMM Network Overview
05/23/2023  01:02 PM    <DIR>          0065 - Put Run Parameters
02/13/2023  09:20 PM    <DIR>          0066 - Get Run Parameters
05/23/2023  01:02 PM    <DIR>          0067 - ICM Ruby Tutorials
05/23/2023  01:02 PM    <DIR>          0068 - ICM InfoWorks All Table Names
05/23/2023  01:02 PM    <DIR>          0069 - Make an Overview of All Network Elements
07/27/2023  04:08 PM    <DIR>          0070 - Upstream Subcatchments from an Outfall
07/29/2023  08:31 PM                20 FindFolderNames.bat
07/29/2023  08:31 PM                 0 log.log
05/18/2023  08:59 AM               273 README.md
               3 File(s)            293 bytes
              53 Dir(s)  140,537,274,368 bytes free
