0001 - Pipe Length Statistics
0002 - Quick Trace
0003 - Scenario Maker
0004  - Add Total Area for Subs
0005 - Kutter Sql
0006 - Listview of the currently selected network objects
0007 - Scenario Maker - Specific
0008 - Bifurcation Nodes
0009 - Dry Pipes
0010 - Find All Network Elements
0011 - Flow Survey
0012 - Header Nodes
0013 - ICM SWMM All Tables
0014 - ICM SWMM Network Overview
0015 - Put Run Parameters
0016 - Get Run Parameters
0017 - ICM Ruby Tutorials
0018 - ICM InfoWorks All Table Names
0019 - Make an Overview of All Network Elements
0020 - Upstream Subcatchments from an Outfall
0021 -- New ICM SWMM Scenarios
0023 -- Input Message Box
0024 -- Change All Node and Link IDs
0025 -- Get Minimum X, Y for All Nodes
0026 -- Step1a_Make_Subcatchments_From_Imported_InfoSewer_Manholes
