C:\Users\dickinre\Documents\Open-Source-Support-main\01 InfoWorks ICM\InfoSewer to ICM\Open-Source-Support\01 InfoWorks ICM\01 Ruby\02 SWMM\0001 - Pipe Length Statistics
C:\Users\dickinre\Documents\Open-Source-Support-main\01 InfoWorks ICM\InfoSewer to ICM\Open-Source-Support\01 InfoWorks ICM\01 Ruby\02 SWMM\0002 - Quick Trace
C:\Users\dickinre\Documents\Open-Source-Support-main\01 InfoWorks ICM\InfoSewer to ICM\Open-Source-Support\01 InfoWorks ICM\01 Ruby\02 SWMM\0003 - Scenario Maker
C:\Users\dickinre\Documents\Open-Source-Support-main\01 InfoWorks ICM\InfoSewer to ICM\Open-Source-Support\01 InfoWorks ICM\01 Ruby\02 SWMM\0004 - New ICM Scenarios
C:\Users\dickinre\Documents\Open-Source-Support-main\01 InfoWorks ICM\InfoSewer to ICM\Open-Source-Support\01 InfoWorks ICM\01 Ruby\02 SWMM\0005 - Change All Subcatchment, Node and Link IDs
C:\Users\dickinre\Documents\Open-Source-Support-main\01 InfoWorks ICM\InfoSewer to ICM\Open-Source-Support\01 InfoWorks ICM\01 Ruby\02 SWMM\0006 - Add Total Area for Subs
C:\Users\dickinre\Documents\Open-Source-Support-main\01 InfoWorks ICM\InfoSewer to ICM\Open-Source-Support\01 InfoWorks ICM\01 Ruby\02 SWMM\0007 - Count Objects In the Database
C:\Users\dickinre\Documents\Open-Source-Support-main\01 InfoWorks ICM\InfoSewer to ICM\Open-Source-Support\01 InfoWorks ICM\01 Ruby\02 SWMM\0008 - Select Upstream Subcatchments from a Node with Multilinks
C:\Users\dickinre\Documents\Open-Source-Support-main\01 InfoWorks ICM\InfoSewer to ICM\Open-Source-Support\01 InfoWorks ICM\01 Ruby\02 SWMM\0009 - ICM Binary Results Export
C:\Users\dickinre\Documents\Open-Source-Support-main\01 InfoWorks ICM\InfoSewer to ICM\Open-Source-Support\01 InfoWorks ICM\01 Ruby\02 SWMM\0010 - List all results fields in a simulation (SWMM or ICM)
C:\Users\dickinre\Documents\Open-Source-Support-main\01 InfoWorks ICM\InfoSewer to ICM\Open-Source-Support\01 InfoWorks ICM\01 Ruby\02 SWMM\0011 - Pipe Length Histogram
C:\Users\dickinre\Documents\Open-Source-Support-main\01 InfoWorks ICM\InfoSewer to ICM\Open-Source-Support\01 InfoWorks ICM\01 Ruby\02 SWMM\0012 - ODEC Export Node and Conduit tables to CSV and MIF
C:\Users\dickinre\Documents\Open-Source-Support-main\01 InfoWorks ICM\InfoSewer to ICM\Open-Source-Support\01 InfoWorks ICM\01 Ruby\02 SWMM\0013 - Depression Storage  Statistics
C:\Users\dickinre\Documents\Open-Source-Support-main\01 InfoWorks ICM\InfoSewer to ICM\Open-Source-Support\01 InfoWorks ICM\01 Ruby\02 SWMM\0014 - Find all flags in all objects of a network model
C:\Users\dickinre\Documents\Open-Source-Support-main\01 InfoWorks ICM\InfoSewer to ICM\Open-Source-Support\01 InfoWorks ICM\01 Ruby\02 SWMM\0015 - Pipe Diameter Statistics
C:\Users\dickinre\Documents\Open-Source-Support-main\01 InfoWorks ICM\InfoSewer to ICM\Open-Source-Support\01 InfoWorks ICM\01 Ruby\02 SWMM\0016 - All Link Parameter  Statistics
C:\Users\dickinre\Documents\Open-Source-Support-main\01 InfoWorks ICM\InfoSewer to ICM\Open-Source-Support\01 InfoWorks ICM\01 Ruby\02 SWMM\0017 - All Node Parameter  Statistics
C:\Users\dickinre\Documents\Open-Source-Support-main\01 InfoWorks ICM\InfoSewer to ICM\Open-Source-Support\01 InfoWorks ICM\01 Ruby\02 SWMM\0018 - Subcatcatchemt Parameter Statistics
C:\Users\dickinre\Documents\Open-Source-Support-main\01 InfoWorks ICM\InfoSewer to ICM\Open-Source-Support\01 InfoWorks ICM\01 Ruby\02 SWMM\0019 - Distribute attachment details by a shared value
C:\Users\dickinre\Documents\Open-Source-Support-main\01 InfoWorks ICM\InfoSewer to ICM\Open-Source-Support\01 InfoWorks ICM\01 Ruby\02 SWMM\0020  - Generate Individual Reports for a Selection of Objects
C:\Users\dickinre\Documents\Open-Source-Support-main\01 InfoWorks ICM\InfoSewer to ICM\Open-Source-Support\01 InfoWorks ICM\01 Ruby\02 SWMM\0021 - Create nodes from polygon subcatchment boundary
C:\Users\dickinre\Documents\Open-Source-Support-main\01 InfoWorks ICM\InfoSewer to ICM\Open-Source-Support\01 InfoWorks ICM\01 Ruby\02 SWMM\0022 - Output CSV of calcs based on Subcatchment Data
C:\Users\dickinre\Documents\Open-Source-Support-main\01 InfoWorks ICM\InfoSewer to ICM\Open-Source-Support\01 InfoWorks ICM\01 Ruby\02 SWMM\0023 - Rename Nodes & Links using Name Generation pattern
C:\Users\dickinre\Documents\Open-Source-Support-main\01 InfoWorks ICM\InfoSewer to ICM\Open-Source-Support\01 InfoWorks ICM\01 Ruby\02 SWMM\0024 - Change Subcatchment Boundaries
C:\Users\dickinre\Documents\Open-Source-Support-main\01 InfoWorks ICM\InfoSewer to ICM\Open-Source-Support\01 InfoWorks ICM\01 Ruby\02 SWMM\0025 - Get Minimum X, Y for All Nodes
C:\Users\dickinre\Documents\Open-Source-Support-main\01 InfoWorks ICM\InfoSewer to ICM\Open-Source-Support\01 InfoWorks ICM\01 Ruby\02 SWMM\0026 - Make_Subcatchments_From_Imported_InfoSewer_Manholes
C:\Users\dickinre\Documents\Open-Source-Support-main\01 InfoWorks ICM\InfoSewer to ICM\Open-Source-Support\01 InfoWorks ICM\01 Ruby\02 SWMM\0027 - Copy selected subcatchments five times
C:\Users\dickinre\Documents\Open-Source-Support-main\01 InfoWorks ICM\InfoSewer to ICM\Open-Source-Support\01 InfoWorks ICM\01 Ruby\02 SWMM\0028 - Percentage change in runoff surfaces upstream node into new scenario
C:\Users\dickinre\Documents\Open-Source-Support-main\01 InfoWorks ICM\InfoSewer to ICM\Open-Source-Support\01 InfoWorks ICM\01 Ruby\02 SWMM\0029 - Runoff surfaces from selected subcatchments
C:\Users\dickinre\Documents\Open-Source-Support-main\01 InfoWorks ICM\InfoSewer to ICM\Open-Source-Support\01 InfoWorks ICM\01 Ruby\02 SWMM\0030 - Connect subcatchment to nearest node
C:\Users\dickinre\Documents\Open-Source-Support-main\01 InfoWorks ICM\InfoSewer to ICM\Open-Source-Support\01 InfoWorks ICM\01 Ruby\02 SWMM\0031 - List all results fields in a Simulation
C:\Users\dickinre\Documents\Open-Source-Support-main\01 InfoWorks ICM\InfoSewer to ICM\Open-Source-Support\01 InfoWorks ICM\01 Ruby\02 SWMM\0032 - List Network Fields-Structure
C:\Users\dickinre\Documents\Open-Source-Support-main\01 InfoWorks ICM\InfoSewer to ICM\Open-Source-Support\01 InfoWorks ICM\01 Ruby\02 SWMM\0033 - Make an Inflows File from User Fields
C:\Users\dickinre\Documents\Open-Source-Support-main\01 InfoWorks ICM\InfoSewer to ICM\Open-Source-Support\01 InfoWorks ICM\01 Ruby\02 SWMM\0034 -  Display Export geometries
C:\Users\dickinre\Documents\Open-Source-Support-main\01 InfoWorks ICM\InfoSewer to ICM\Open-Source-Support\01 InfoWorks ICM\01 Ruby\02 SWMM\0035 -  List Master Database Objects Contents
C:\Users\dickinre\Documents\Open-Source-Support-main\01 InfoWorks ICM\InfoSewer to ICM\Open-Source-Support\01 InfoWorks ICM\01 Ruby\02 SWMM\0036 -  Create Selection List
C:\Users\dickinre\Documents\Open-Source-Support-main\01 InfoWorks ICM\InfoSewer to ICM\Open-Source-Support\01 InfoWorks ICM\01 Ruby\02 SWMM\0037 -  Select Isolated Nodes
C:\Users\dickinre\Documents\Open-Source-Support-main\01 InfoWorks ICM\InfoSewer to ICM\Open-Source-Support\01 InfoWorks ICM\01 Ruby\02 SWMM\0038 - Remove rows from a blob field
C:\Users\dickinre\Documents\Open-Source-Support-main\01 InfoWorks ICM\InfoSewer to ICM\Open-Source-Support\01 InfoWorks ICM\01 Ruby\02 SWMM\0039 - Calculate subcatchment areas in all nodes upstream a node
C:\Users\dickinre\Documents\Open-Source-Support-main\01 InfoWorks ICM\InfoSewer to ICM\Open-Source-Support\01 InfoWorks ICM\01 Ruby\02 SWMM\0040 - Create a new selection list using a SQL query
C:\Users\dickinre\Documents\Open-Source-Support-main\01 InfoWorks ICM\InfoSewer to ICM\Open-Source-Support\01 InfoWorks ICM\01 Ruby\02 SWMM\0041 - Get results from all timesteps for Links, US Flow, DS Flow
C:\Users\dickinre\Documents\Open-Source-Support-main\01 InfoWorks ICM\InfoSewer to ICM\Open-Source-Support\01 InfoWorks ICM\01 Ruby\02 SWMM\0042 - Get results from all timesteps for Subcatchments, All Params
C:\Users\dickinre\Documents\Open-Source-Support-main\01 InfoWorks ICM\InfoSewer to ICM\Open-Source-Support\01 InfoWorks ICM\01 Ruby\02 SWMM\0043 - Get results from all timesteps for Manholes, Qnode
C:\Users\dickinre\Documents\Open-Source-Support-main\01 InfoWorks ICM\InfoSewer to ICM\Open-Source-Support\01 InfoWorks ICM\01 Ruby\02 SWMM\0044 - Get results from all timesteps for Manholes, All Params
C:\Users\dickinre\Documents\Open-Source-Support-main\01 InfoWorks ICM\InfoSewer to ICM\Open-Source-Support\01 InfoWorks ICM\01 Ruby\02 SWMM\0045 - Get results from all timesteps for Links, All Params
C:\Users\dickinre\Documents\Open-Source-Support-main\01 InfoWorks ICM\InfoSewer to ICM\Open-Source-Support\01 InfoWorks ICM\01 Ruby\02 SWMM\0046 - Output SUDS control as CSV
C:\Users\dickinre\Documents\Open-Source-Support-main\01 InfoWorks ICM\InfoSewer to ICM\Open-Source-Support\01 InfoWorks ICM\01 Ruby\02 SWMM\0047 - Select links sharing the same us and ds node ids
C:\Users\dickinre\Documents\Open-Source-Support-main\01 InfoWorks ICM\InfoSewer to ICM\Open-Source-Support\01 InfoWorks ICM\01 Ruby\02 SWMM\0048 - Delete all scenarios except Base
C:\Users\dickinre\Documents\Open-Source-Support-main\01 InfoWorks ICM\InfoSewer to ICM\Open-Source-Support\01 InfoWorks ICM\01 Ruby\02 SWMM\0049 - Clear SUDS from subcatchments
C:\Users\dickinre\Documents\Open-Source-Support-main\01 InfoWorks ICM\InfoSewer to ICM\Open-Source-Support\01 InfoWorks ICM\01 Ruby\02 SWMM\0050 - Assign Subcatchment to nearest 'Storage' type Node
C:\Users\dickinre\Documents\Open-Source-Support-main\01 InfoWorks ICM\InfoSewer to ICM\Open-Source-Support\01 InfoWorks ICM\01 Ruby\02 SWMM\0051 - Additional DWF Node IDs
C:\Users\dickinre\Documents\Open-Source-Support-main\01 InfoWorks ICM\InfoSewer to ICM\Open-Source-Support\01 InfoWorks ICM\01 Ruby\02 SWMM\0052 - Stats for ICM Network Tables
C:\Users\dickinre\Documents\Open-Source-Support-main\01 InfoWorks ICM\InfoSewer to ICM\Open-Source-Support\01 InfoWorks ICM\01 Ruby\02 SWMM\0053 - Scenario Counter
C:\Users\dickinre\Documents\Open-Source-Support-main\01 InfoWorks ICM\InfoSewer to ICM\Open-Source-Support\01 InfoWorks ICM\01 Ruby\02 SWMM\0054 - Flow Survey
C:\Users\dickinre\Documents\Open-Source-Support-main\01 InfoWorks ICM\InfoSewer to ICM\Open-Source-Support\01 InfoWorks ICM\01 Ruby\02 SWMM\0055 - Scenario Maker - Specific
C:\Users\dickinre\Documents\Open-Source-Support-main\01 InfoWorks ICM\InfoSewer to ICM\Open-Source-Support\01 InfoWorks ICM\01 Ruby\02 SWMM\0056 - Listview of the currently selected network objects
C:\Users\dickinre\Documents\Open-Source-Support-main\01 InfoWorks ICM\InfoSewer to ICM\Open-Source-Support\01 InfoWorks ICM\01 Ruby\02 SWMM\0057- Bifurcation Nodes
C:\Users\dickinre\Documents\Open-Source-Support-main\01 InfoWorks ICM\InfoSewer to ICM\Open-Source-Support\01 InfoWorks ICM\01 Ruby\02 SWMM\0058 - Header Nodes
C:\Users\dickinre\Documents\Open-Source-Support-main\01 InfoWorks ICM\InfoSewer to ICM\Open-Source-Support\01 InfoWorks ICM\01 Ruby\02 SWMM\0059 - Dry Pipes
C:\Users\dickinre\Documents\Open-Source-Support-main\01 InfoWorks ICM\InfoSewer to ICM\Open-Source-Support\01 InfoWorks ICM\01 Ruby\02 SWMM\0060 - Compare ICM Headloss in Ruby Script
C:\Users\dickinre\Documents\Open-Source-Support-main\01 InfoWorks ICM\InfoSewer to ICM\Open-Source-Support\01 InfoWorks ICM\01 Ruby\02 SWMM\0060 - Find All Network Elements
C:\Users\dickinre\Documents\Open-Source-Support-main\01 InfoWorks ICM\InfoSewer to ICM\Open-Source-Support\01 InfoWorks ICM\01 Ruby\02 SWMM\0061 - Compare ICM Inlets to HEC22 Inlets
C:\Users\dickinre\Documents\Open-Source-Support-main\01 InfoWorks ICM\InfoSewer to ICM\Open-Source-Support\01 InfoWorks ICM\01 Ruby\02 SWMM\0063 - ICM SWMM All Tables
C:\Users\dickinre\Documents\Open-Source-Support-main\01 InfoWorks ICM\InfoSewer to ICM\Open-Source-Support\01 InfoWorks ICM\01 Ruby\02 SWMM\0064 - ICM SWMM Network Overview
C:\Users\dickinre\Documents\Open-Source-Support-main\01 InfoWorks ICM\InfoSewer to ICM\Open-Source-Support\01 InfoWorks ICM\01 Ruby\02 SWMM\0065 - Get and Put Run Dialog Parameters
C:\Users\dickinre\Documents\Open-Source-Support-main\01 InfoWorks ICM\InfoSewer to ICM\Open-Source-Support\01 InfoWorks ICM\01 Ruby\02 SWMM\0066 - ICM results against measured data within the UI
C:\Users\dickinre\Documents\Open-Source-Support-main\01 InfoWorks ICM\InfoSewer to ICM\Open-Source-Support\01 InfoWorks ICM\01 Ruby\02 SWMM\0067 - ICM Ruby Tutorials
C:\Users\dickinre\Documents\Open-Source-Support-main\01 InfoWorks ICM\InfoSewer to ICM\Open-Source-Support\01 InfoWorks ICM\01 Ruby\02 SWMM\0068 - ICM InfoWorks All Table Names
C:\Users\dickinre\Documents\Open-Source-Support-main\01 InfoWorks ICM\InfoSewer to ICM\Open-Source-Support\01 InfoWorks ICM\01 Ruby\02 SWMM\0069 - Make an Overview of All Network Elements
C:\Users\dickinre\Documents\Open-Source-Support-main\01 InfoWorks ICM\InfoSewer to ICM\Open-Source-Support\01 InfoWorks ICM\01 Ruby\02 SWMM\0070 - Upstream Subcatchments from an Outfall
C:\Users\dickinre\Documents\Open-Source-Support-main\01 InfoWorks ICM\InfoSewer to ICM\Open-Source-Support\01 InfoWorks ICM\01 Ruby\02 SWMM\0071 - Raingages, All Output Parameters
C:\Users\dickinre\Documents\Open-Source-Support-main\01 InfoWorks ICM\InfoSewer to ICM\Open-Source-Support\01 InfoWorks ICM\01 Ruby\02 SWMM\0072 - Find Root Model Group
C:\Users\dickinre\Documents\Open-Source-Support-main\01 InfoWorks ICM\InfoSewer to ICM\Open-Source-Support\01 InfoWorks ICM\01 Ruby\02 SWMM\0073 - Rename Exported Image & Attachment Files
C:\Users\dickinre\Documents\Open-Source-Support-main\01 InfoWorks ICM\InfoSewer to ICM\Open-Source-Support\01 InfoWorks ICM\01 Ruby\02 SWMM\0074 - Capacity Assurance White Paper
C:\Users\dickinre\Documents\Open-Source-Support-main\01 InfoWorks ICM\InfoSewer to ICM\Open-Source-Support\01 InfoWorks ICM\01 Ruby\02 SWMM\0075 - Sandbox Instance Evaluation and Class Scope
C:\Users\dickinre\Documents\Open-Source-Support-main\01 InfoWorks ICM\InfoSewer to ICM\Open-Source-Support\01 InfoWorks ICM\01 Ruby\02 SWMM\0076 - InfoWorks vs SWMM CSV Comparison
C:\Users\dickinre\Documents\Open-Source-Support-main\01 InfoWorks ICM\InfoSewer to ICM\Open-Source-Support\01 InfoWorks ICM\01 Ruby\02 SWMM\0077 - ICM InfoWorks UX Tables
C:\Users\dickinre\Documents\Open-Source-Support-main\01 InfoWorks ICM\InfoSewer to ICM\Open-Source-Support\01 InfoWorks ICM\01 Ruby\02 SWMM\0078 - ICM SWMM UX Tables
C:\Users\dickinre\Documents\Open-Source-Support-main\01 InfoWorks ICM\InfoSewer to ICM\Open-Source-Support\01 InfoWorks ICM\01 Ruby\02 SWMM\0079 - ICM SWMM IWR Tables
C:\Users\dickinre\Documents\Open-Source-Support-main\01 InfoWorks ICM\InfoSewer to ICM\Open-Source-Support\01 InfoWorks ICM\01 Ruby\02 SWMM\0080 - ICM InfoWorks IWR Tables
C:\Users\dickinre\Documents\Open-Source-Support-main\01 InfoWorks ICM\InfoSewer to ICM\Open-Source-Support\01 InfoWorks ICM\01 Ruby\02 SWMM\0081 - Export Compare Network Versions to CSV
C:\Users\dickinre\Documents\Open-Source-Support-main\01 InfoWorks ICM\InfoSewer to ICM\Open-Source-Support\01 InfoWorks ICM\01 Ruby\02 SWMM\0082 - Create SuDS for All Subcatchments
C:\Users\dickinre\Documents\Open-Source-Support-main\01 InfoWorks ICM\InfoSewer to ICM\Open-Source-Support\01 InfoWorks ICM\01 Ruby\02 SWMM\0083 - Find Time of Max DS Depth
C:\Users\dickinre\Documents\Open-Source-Support-main\01 InfoWorks ICM\InfoSewer to ICM\Open-Source-Support\01 InfoWorks ICM\01 Ruby\02 SWMM\0084 - Change All Node, Subs and Link IDs
C:\Users\dickinre\Documents\Open-Source-Support-main\01 InfoWorks ICM\InfoSewer to ICM\Open-Source-Support\01 InfoWorks ICM\01 Ruby\02 SWMM\0085 - Export SWMM5 Calibration Files - Node Flooding
C:\Users\dickinre\Documents\Open-Source-Support-main\01 InfoWorks ICM\InfoSewer to ICM\Open-Source-Support\01 InfoWorks ICM\01 Ruby\02 SWMM\0086 - Export SWMM5 Calibration Files - Groundwater Elev
C:\Users\dickinre\Documents\Open-Source-Support-main\01 InfoWorks ICM\InfoSewer to ICM\Open-Source-Support\01 InfoWorks ICM\01 Ruby\02 SWMM\0087 - Export SWMM5 Calibration Files - Groundwater Flow
C:\Users\dickinre\Documents\Open-Source-Support-main\01 InfoWorks ICM\InfoSewer to ICM\Open-Source-Support\01 InfoWorks ICM\01 Ruby\02 SWMM\0088 - Export SWMM5 Calibration Files - Runoff
C:\Users\dickinre\Documents\Open-Source-Support-main\01 InfoWorks ICM\InfoSewer to ICM\Open-Source-Support\01 InfoWorks ICM\01 Ruby\02 SWMM\0089 - Export SWMM5 Calibration Files - Node Flood Depth
C:\Users\dickinre\Documents\Open-Source-Support-main\01 InfoWorks ICM\InfoSewer to ICM\Open-Source-Support\01 InfoWorks ICM\01 Ruby\02 SWMM\0090 - Export SWMM5 Calibration Files - Node Level
C:\Users\dickinre\Documents\Open-Source-Support-main\01 InfoWorks ICM\InfoSewer to ICM\Open-Source-Support\01 InfoWorks ICM\01 Ruby\02 SWMM\0091 - Export SWMM5 Calibration Files - Node Lateral Inflow
C:\Users\dickinre\Documents\Open-Source-Support-main\01 InfoWorks ICM\InfoSewer to ICM\Open-Source-Support\01 InfoWorks ICM\01 Ruby\02 SWMM\0092 - Export SWMM5 Calibration Files - Downstream Velocity
C:\Users\dickinre\Documents\Open-Source-Support-main\01 InfoWorks ICM\InfoSewer to ICM\Open-Source-Support\01 InfoWorks ICM\01 Ruby\02 SWMM\0093 - Export SWMM5 Calibration Files - Upstream Velocity
C:\Users\dickinre\Documents\Open-Source-Support-main\01 InfoWorks ICM\InfoSewer to ICM\Open-Source-Support\01 InfoWorks ICM\01 Ruby\02 SWMM\0094 - Export SWMM5 Calibration Files - Upstream  Depth
C:\Users\dickinre\Documents\Open-Source-Support-main\01 InfoWorks ICM\InfoSewer to ICM\Open-Source-Support\01 InfoWorks ICM\01 Ruby\02 SWMM\0095 - Export SWMM5 Calibration Files - Downstream Depth
C:\Users\dickinre\Documents\Open-Source-Support-main\01 InfoWorks ICM\InfoSewer to ICM\Open-Source-Support\01 InfoWorks ICM\01 Ruby\02 SWMM\0096 - Export SWMM5 Calibration Files - Downstream Flow
C:\Users\dickinre\Documents\Open-Source-Support-main\01 InfoWorks ICM\InfoSewer to ICM\Open-Source-Support\01 InfoWorks ICM\01 Ruby\02 SWMM\0097 - Export SWMM5 Calibration Files - Upstream Flow
C:\Users\dickinre\Documents\Open-Source-Support-main\01 InfoWorks ICM\InfoSewer to ICM\Open-Source-Support\01 InfoWorks ICM\01 Ruby\02 SWMM\0099 - Common Operations
C:\Users\dickinre\Documents\Open-Source-Support-main\01 InfoWorks ICM\InfoSewer to ICM\Open-Source-Support\01 InfoWorks ICM\01 Ruby\02 SWMM\0100 - ODIC and SQL, Ruby  Scripts for Importing InfoSewer to ICM
C:\Users\dickinre\Documents\Open-Source-Support-main\01 InfoWorks ICM\InfoSewer to ICM\Open-Source-Support\01 InfoWorks ICM\01 Ruby\02 SWMM\0101 - ODIC. SQL and Ruby for InfoSWMM Scenario Import
C:\Users\dickinre\Documents\Open-Source-Support-main\01 InfoWorks ICM\InfoSewer to ICM\Open-Source-Support\01 InfoWorks ICM\01 Ruby\02 SWMM\0102 - ICM InfoWorks Results to SWMM5  Node Inflows  Summary Table
C:\Users\dickinre\Documents\Open-Source-Support-main\01 InfoWorks ICM\InfoSewer to ICM\Open-Source-Support\01 InfoWorks ICM\01 Ruby\02 SWMM\0103 - ICM InfoWorks Results to SWMM5 Node Depths Summary Table
C:\Users\dickinre\Documents\Open-Source-Support-main\01 InfoWorks ICM\InfoSewer to ICM\Open-Source-Support\01 InfoWorks ICM\01 Ruby\02 SWMM\0104 - ICM InfoWorks Results to SWMM5  Node Surcharging Table
C:\Users\dickinre\Documents\Open-Source-Support-main\01 InfoWorks ICM\InfoSewer to ICM\Open-Source-Support\01 InfoWorks ICM\01 Ruby\02 SWMM\0105 - ICM InfoWorks Results to SWMM5  Conduit Surcharging  Summary Table
C:\Users\dickinre\Documents\Open-Source-Support-main\01 InfoWorks ICM\InfoSewer to ICM\Open-Source-Support\01 InfoWorks ICM\01 Ruby\02 SWMM\0106 - ICM InfoWorks Results to SWMM5  Link Flows Summary Table
C:\Users\dickinre\Documents\Open-Source-Support-main\01 InfoWorks ICM\InfoSewer to ICM\Open-Source-Support\01 InfoWorks ICM\01 Ruby\02 SWMM\0107 - ICM InfoWorks Results to SWMM5 Subcatchment Runoff Summary
C:\Users\dickinre\Documents\Open-Source-Support-main\01 InfoWorks ICM\InfoSewer to ICM\Open-Source-Support\01 InfoWorks ICM\01 Ruby\02 SWMM\0108 - Spatial Scripts
C:\Users\dickinre\Documents\Open-Source-Support-main\01 InfoWorks ICM\InfoSewer to ICM\Open-Source-Support\01 InfoWorks ICM\01 Ruby\02 SWMM\0109 - Statistics for Node User Numbers
C:\Users\dickinre\Documents\Open-Source-Support-main\01 InfoWorks ICM\InfoSewer to ICM\Open-Source-Support\01 InfoWorks ICM\01 Ruby\02 SWMM\0110 - Statistics for Link User Numbers
C:\Users\dickinre\Documents\Open-Source-Support-main\01 InfoWorks ICM\InfoSewer to ICM\Open-Source-Support\01 InfoWorks ICM\01 Ruby\02 SWMM\0111 - All Node and Link URL Stats
C:\Users\dickinre\Documents\Open-Source-Support-main\01 InfoWorks ICM\InfoSewer to ICM\Open-Source-Support\01 InfoWorks ICM\01 Ruby\02 SWMM\0112 - Add Nine 1D Results Points
C:\Users\dickinre\Documents\Open-Source-Support-main\01 InfoWorks ICM\InfoSewer to ICM\Open-Source-Support\01 InfoWorks ICM\01 Ruby\02 SWMM\0114 - GIS Export of Data Tables
C:\Users\dickinre\Documents\Open-Source-Support-main\01 InfoWorks ICM\InfoSewer to ICM\Open-Source-Support\01 InfoWorks ICM\01 Ruby\02 SWMM\0116 - Export Choice List values
C:\Users\dickinre\Documents\Open-Source-Support-main\01 InfoWorks ICM\InfoSewer to ICM\Open-Source-Support\01 InfoWorks ICM\01 Ruby\02 SWMM\0117 - Import-Export Snapshot file
C:\Users\dickinre\Documents\Open-Source-Support-main\01 InfoWorks ICM\InfoSewer to ICM\Open-Source-Support\01 InfoWorks ICM\01 Ruby\02 SWMM\0118 - Bulk Data Import
C:\Users\dickinre\Documents\Open-Source-Support-main\01 InfoWorks ICM\InfoSewer to ICM\Open-Source-Support\01 InfoWorks ICM\01 Ruby\02 SWMM\0119 -  Export to CSV
C:\Users\dickinre\Documents\Open-Source-Support-main\01 InfoWorks ICM\InfoSewer to ICM\Open-Source-Support\01 InfoWorks ICM\01 Ruby\02 SWMM\0120 -  Import-Export  XML
C:\Users\dickinre\Documents\Open-Source-Support-main\01 InfoWorks ICM\InfoSewer to ICM\Open-Source-Support\01 InfoWorks ICM\01 Ruby\02 SWMM\0121 -  Find Duplicate Link IDs
C:\Users\dickinre\Documents\Open-Source-Support-main\01 InfoWorks ICM\InfoSewer to ICM\Open-Source-Support\01 InfoWorks ICM\01 Ruby\02 SWMM\0122 -  Update from external CSV
C:\Users\dickinre\Documents\Open-Source-Support-main\01 InfoWorks ICM\InfoSewer to ICM\Open-Source-Support\01 InfoWorks ICM\01 Ruby\02 SWMM\0123 - Update an object with values of another object through comparison
C:\Users\dickinre\Documents\Open-Source-Support-main\01 InfoWorks ICM\InfoSewer to ICM\Open-Source-Support\01 InfoWorks ICM\01 Ruby\02 SWMM\0124 -  Network Trace
C:\Users\dickinre\Documents\Open-Source-Support-main\01 InfoWorks ICM\InfoSewer to ICM\Open-Source-Support\01 InfoWorks ICM\01 Ruby\02 SWMM\0125 - Tracing
C:\Users\dickinre\Documents\Open-Source-Support-main\01 InfoWorks ICM\InfoSewer to ICM\Open-Source-Support\01 InfoWorks ICM\01 Ruby\02 SWMM\0126  - Copy selected subcatchments with user suffix
C:\Users\dickinre\Documents\Open-Source-Support-main\01 InfoWorks ICM\InfoSewer to ICM\Open-Source-Support\01 InfoWorks ICM\01 Ruby\02 SWMM\0127 - Kutter Sql for ICM SWMM
C:\Users\dickinre\Documents\Open-Source-Support-main\01 InfoWorks ICM\InfoSewer to ICM\Open-Source-Support\01 InfoWorks ICM\01 Ruby\02 SWMM\0128 - InfoSewer Gravity Main Report, from ICM InfoWorks
C:\Users\dickinre\Documents\Open-Source-Support-main\01 InfoWorks ICM\InfoSewer to ICM\Open-Source-Support\01 InfoWorks ICM\01 Ruby\02 SWMM\0129 - ICM Information Hub Finder
C:\Users\dickinre\Documents\Open-Source-Support-main\01 InfoWorks ICM\InfoSewer to ICM\Open-Source-Support\01 InfoWorks ICM\01 Ruby\02 SWMM\0130 - InfoSewer Peaking Factors
C:\Users\dickinre\Documents\Open-Source-Support-main\01 InfoWorks ICM\InfoSewer to ICM\Open-Source-Support\01 InfoWorks ICM\01 Ruby\02 SWMM\0131 - Master RB Files
C:\Users\dickinre\Documents\Open-Source-Support-main\01 InfoWorks ICM\InfoSewer to ICM\Open-Source-Support\01 InfoWorks ICM\01 Ruby\02 SWMM\0132 - Runoff Surface Tables
C:\Users\dickinre\Documents\Open-Source-Support-main\01 InfoWorks ICM\InfoSewer to ICM\Open-Source-Support\01 InfoWorks ICM\01 Ruby\02 SWMM\0133 - InfoWorks Land Use Tables
C:\Users\dickinre\Documents\Open-Source-Support-main\01 InfoWorks ICM\InfoSewer to ICM\Open-Source-Support\01 InfoWorks ICM\01 Ruby\02 SWMM\0134 - InfoWorks Land Use with Runoff Surfaces Table
C:\Users\dickinre\Documents\Open-Source-Support-main\01 InfoWorks ICM\InfoSewer to ICM\Open-Source-Support\01 InfoWorks ICM\01 Ruby\02 SWMM\0135 -Subcatchment Grid Area Table
C:\Users\dickinre\Documents\Open-Source-Support-main\01 InfoWorks ICM\InfoSewer to ICM\Open-Source-Support\01 InfoWorks ICM\01 Ruby\02 SWMM\0136 - InfoWorks Sub, Land Use with Runoff Surfaces Table copy
C:\Users\dickinre\Documents\Open-Source-Support-main\01 InfoWorks ICM\InfoSewer to ICM\Open-Source-Support\01 InfoWorks ICM\01 Ruby\02 SWMM\0137 - Create Subs from polygon
C:\Users\dickinre\Documents\Open-Source-Support-main\01 InfoWorks ICM\InfoSewer to ICM\Open-Source-Support\01 InfoWorks ICM\01 Ruby\02 SWMM\0138 - Input Message Box
C:\Users\dickinre\Documents\Open-Source-Support-main\01 InfoWorks ICM\InfoSewer to ICM\Open-Source-Support\01 InfoWorks ICM\01 Ruby\02 SWMM\0139- InfoWorks 2D Parameter Statistics
C:\Users\dickinre\Documents\Open-Source-Support-main\01 InfoWorks ICM\InfoSewer to ICM\Open-Source-Support\01 InfoWorks ICM\01 Ruby\02 SWMM\0140 - List all results fields in a simulation ICM) and Show Node Results Stats
C:\Users\dickinre\Documents\Open-Source-Support-main\01 InfoWorks ICM\InfoSewer to ICM\Open-Source-Support\01 InfoWorks ICM\01 Ruby\02 SWMM\0141 - List all results fields in a simulation ICM) and Show Link Results Stats
C:\Users\dickinre\Documents\Open-Source-Support-main\01 InfoWorks ICM\InfoSewer to ICM\Open-Source-Support\01 InfoWorks ICM\01 Ruby\02 SWMM\0142 - List all results fields in a simulation ICM) and Show Subcatchment Results Stats
C:\Users\dickinre\Documents\Open-Source-Support-main\01 InfoWorks ICM\InfoSewer to ICM\Open-Source-Support\01 InfoWorks ICM\01 Ruby\02 SWMM\0143 - List all results fields in a simulation ICM) and Show Flap Valve Results Stats
C:\Users\dickinre\Documents\Open-Source-Support-main\01 InfoWorks ICM\InfoSewer to ICM\Open-Source-Support\01 InfoWorks ICM\01 Ruby\02 SWMM\0144 - Create nodes from polygon subcatchment boundary
C:\Users\dickinre\Documents\Open-Source-Support-main\01 InfoWorks ICM\InfoSewer to ICM\Open-Source-Support\01 InfoWorks ICM\01 Ruby\02 SWMM\0056 - Listview of the currently selected network objects\0053 - Scenario Maker
C:\Users\dickinre\Documents\Open-Source-Support-main\01 InfoWorks ICM\InfoSewer to ICM\Open-Source-Support\01 InfoWorks ICM\01 Ruby\02 SWMM\0073 - Rename Exported Image & Attachment Files\images
C:\Users\dickinre\Documents\Open-Source-Support-main\01 InfoWorks ICM\InfoSewer to ICM\Open-Source-Support\01 InfoWorks ICM\01 Ruby\02 SWMM\0100 - ODIC and SQL, Ruby  Scripts for Importing InfoSewer to ICM\media
